20:54:45| ****************************************
20:54:45| Part 2
20:54:45| 
20:54:45| File: ./mazes/very-small.bmp
20:54:45| Number of drawing commands = 86
20:54:45| Number of threads created  = 2
20:54:49| 
20:54:49| File: ./mazes/very-small-loops.bmp
20:54:49| Number of drawing commands = 322
20:54:49| Number of threads created  = 8
20:55:04| 
20:55:04| File: ./mazes/small.bmp
20:55:04| Number of drawing commands = 1666
20:55:04| Number of threads created  = 26
20:55:18| 
20:55:18| File: ./mazes/small-loops.bmp
20:55:18| Number of drawing commands = 2036
20:55:18| Number of threads created  = 56
20:55:24| 
20:55:24| File: ./mazes/small-odd.bmp
20:55:24| Number of drawing commands = 2158
20:55:24| Number of threads created  = 203
20:55:30| 
20:55:30| File: ./mazes/small-open.bmp
20:55:31| Number of drawing commands = 2554
20:55:31| Number of threads created  = 750
20:55:48| 
20:55:48| File: ./mazes/large.bmp
20:55:48| Number of drawing commands = 31484
20:55:48| Number of threads created  = 1123
20:55:52| 
20:55:52| File: ./mazes/large-loops.bmp
20:55:52| Number of drawing commands = 29726
20:55:52| Number of threads created  = 1606
20:55:56| 
20:55:56| File: ./mazes/large-squares.bmp
20:55:56| Number of drawing commands = 32692
20:55:56| Number of threads created  = 2315
20:56:00| 
20:56:00| File: ./mazes/large-open.bmp
20:56:00| Number of drawing commands = 7311
20:56:00| Number of threads created  = 3027
20:56:03| ****************************************
