19:09:40| ****************************************
19:09:40| Part 2
19:09:40| 
19:09:40| File: ./mazes/very-small.bmp
19:09:40| Number of drawing commands = 50
19:09:40| Number of threads created  = 0
19:09:44| 
19:09:44| File: ./mazes/very-small-loops.bmp
19:09:44| Number of drawing commands = 170
19:09:44| Number of threads created  = 0
19:09:46| 
19:09:46| File: ./mazes/small.bmp
19:09:46| Number of drawing commands = 1090
19:09:46| Number of threads created  = 0
19:09:46| 
19:09:46| File: ./mazes/small-loops.bmp
19:09:46| Number of drawing commands = 1090
19:09:46| Number of threads created  = 0
19:09:47| 
19:09:47| File: ./mazes/small-odd.bmp
19:09:47| Number of drawing commands = 1090
19:09:47| Number of threads created  = 0
19:09:48| 
19:09:48| File: ./mazes/small-open.bmp
19:09:48| Number of drawing commands = 1090
19:09:48| Number of threads created  = 0
19:09:49| 
19:09:49| File: ./mazes/large.bmp
19:09:49| Number of drawing commands = 16642
19:09:49| Number of threads created  = 0
19:09:50| 
19:09:50| File: ./mazes/large-loops.bmp
19:09:50| Number of drawing commands = 16642
19:09:50| Number of threads created  = 0
19:09:50| 
19:09:50| File: ./mazes/large-squares.bmp
19:09:50| Number of drawing commands = 16642
19:09:50| Number of threads created  = 0
19:09:53| 
19:09:53| File: ./mazes/large-open.bmp
19:09:53| Number of drawing commands = 3601
19:09:53| Number of threads created  = 0
19:09:55| ****************************************
