18:42:47| ****************************************
18:42:47| Part 1
18:42:47| 
18:42:47| File: ./mazes/very-small.bmp
18:42:47| Drawing commands to solve = 50
18:42:54| Found path has length     = 0
18:42:54| 
18:42:54| File: ./mazes/very-small-loops.bmp
18:42:54| Drawing commands to solve = 170
18:42:55| Found path has length     = 0
18:42:55| 
18:42:55| File: ./mazes/small.bmp
18:42:55| Drawing commands to solve = 1090
18:42:56| Found path has length     = 0
18:42:56| 
18:42:56| File: ./mazes/small-loops.bmp
18:42:56| Drawing commands to solve = 1090
18:42:56| Found path has length     = 0
18:42:56| 
18:42:56| File: ./mazes/small-odd.bmp
18:42:56| Drawing commands to solve = 1090
18:42:56| Found path has length     = 0
18:42:56| 
18:42:56| File: ./mazes/small-open.bmp
18:42:56| Drawing commands to solve = 1090
18:42:57| Found path has length     = 0
18:42:57| 
18:42:57| File: ./mazes/large.bmp
18:42:57| Drawing commands to solve = 16642
18:42:58| Found path has length     = 0
18:42:58| 
18:42:58| File: ./mazes/large-loops.bmp
18:42:58| Drawing commands to solve = 16642
18:42:58| Found path has length     = 0
18:42:58| ****************************************
