19:08:23| ****************************************
19:08:23| Part 2
19:08:23| 
19:08:23| File: ./mazes/very-small.bmp
19:08:23| Number of drawing commands = 50
19:08:23| Number of threads created  = 0
19:08:28| 
19:08:28| File: ./mazes/very-small-loops.bmp
19:08:28| Number of drawing commands = 170
19:08:28| Number of threads created  = 0
19:08:28| 
19:08:28| File: ./mazes/small.bmp
19:08:28| Number of drawing commands = 1090
19:08:28| Number of threads created  = 0
19:08:34| 
19:08:34| File: ./mazes/small-loops.bmp
19:08:34| Number of drawing commands = 1090
19:08:34| Number of threads created  = 0
19:08:35| 
19:08:35| File: ./mazes/small-odd.bmp
19:08:35| Number of drawing commands = 1090
19:08:35| Number of threads created  = 0
19:08:37| 
19:08:37| File: ./mazes/small-open.bmp
19:08:37| Number of drawing commands = 1090
19:08:37| Number of threads created  = 0
19:08:40| 
19:08:40| File: ./mazes/large.bmp
19:08:40| Number of drawing commands = 16642
19:08:40| Number of threads created  = 0
19:08:41| 
19:08:41| File: ./mazes/large-loops.bmp
19:08:41| Number of drawing commands = 16642
19:08:41| Number of threads created  = 0
19:08:42| 
19:08:42| File: ./mazes/large-squares.bmp
19:08:42| Number of drawing commands = 16642
19:08:42| Number of threads created  = 0
19:08:42| 
19:08:42| File: ./mazes/large-open.bmp
19:08:42| Number of drawing commands = 3601
19:08:42| Number of threads created  = 0
19:08:48| ****************************************
