20:51:32| ****************************************
20:51:32| Part 2
20:51:32| 
20:51:32| File: ./mazes/very-small.bmp
20:51:32| Number of drawing commands = 86
20:51:32| Number of threads created  = 2
20:51:35| 
20:51:35| File: ./mazes/very-small-loops.bmp
20:51:35| Number of drawing commands = 322
20:51:35| Number of threads created  = 8
20:51:44| 
20:51:44| File: ./mazes/small.bmp
20:51:45| Number of drawing commands = 1680
20:51:45| Number of threads created  = 27
20:52:20| 
20:52:20| File: ./mazes/small-loops.bmp
20:52:20| Number of drawing commands = 2052
20:52:20| Number of threads created  = 58
20:53:04| 
20:53:04| File: ./mazes/small-odd.bmp
20:53:04| Number of drawing commands = 2238
20:53:04| Number of threads created  = 217
20:53:09| 
20:53:09| File: ./mazes/small-open.bmp
