19:38:27| ****************************************
19:38:27| Part 2
19:38:27| 
19:38:27| File: ./mazes/very-small.bmp
19:38:27| Number of drawing commands = 50
19:38:27| Number of threads created  = 0
19:38:28| 
19:38:28| File: ./mazes/very-small-loops.bmp
19:38:28| Number of drawing commands = 170
19:38:28| Number of threads created  = 0
19:38:31| 
19:38:31| File: ./mazes/small.bmp
19:38:31| Number of drawing commands = 1090
19:38:31| Number of threads created  = 0
19:38:31| 
19:38:31| File: ./mazes/small-loops.bmp
19:38:31| Number of drawing commands = 1090
19:38:31| Number of threads created  = 0
19:38:32| 
19:38:32| File: ./mazes/small-odd.bmp
19:38:32| Number of drawing commands = 1090
19:38:32| Number of threads created  = 0
19:38:32| 
19:38:32| File: ./mazes/small-open.bmp
19:38:32| Number of drawing commands = 1090
19:38:32| Number of threads created  = 0
19:38:32| 
19:38:32| File: ./mazes/large.bmp
19:38:33| Number of drawing commands = 16642
19:38:33| Number of threads created  = 0
19:38:33| 
19:38:33| File: ./mazes/large-loops.bmp
19:38:33| Number of drawing commands = 16642
19:38:33| Number of threads created  = 0
19:38:34| 
19:38:34| File: ./mazes/large-squares.bmp
19:38:34| Number of drawing commands = 16642
19:38:34| Number of threads created  = 0
19:38:34| 
19:38:34| File: ./mazes/large-open.bmp
19:38:34| Number of drawing commands = 3601
19:38:34| Number of threads created  = 0
19:38:35| ****************************************
