11:41:13| ****************************************
11:41:13| Part 2
11:41:13| 
11:41:13| File: ./mazes/very-small.bmp
11:41:13| Number of drawing commands = 86
11:41:13| Number of threads created  = 2
11:41:19| 
11:41:19| File: ./mazes/very-small-loops.bmp
11:41:19| Number of drawing commands = 322
11:41:19| Number of threads created  = 7
11:41:29| 
11:41:29| File: ./mazes/small.bmp
11:41:29| Number of drawing commands = 1676
11:41:29| Number of threads created  = 26
11:41:33| 
11:41:33| File: ./mazes/small-loops.bmp
11:41:33| Number of drawing commands = 2038
11:41:33| Number of threads created  = 56
11:41:36| 
11:41:36| File: ./mazes/small-odd.bmp
11:41:36| Number of drawing commands = 2194
11:41:36| Number of threads created  = 210
11:41:40| 
11:41:40| File: ./mazes/small-open.bmp
11:41:40| Number of drawing commands = 2592
11:41:40| Number of threads created  = 761
11:41:49| 
11:41:49| File: ./mazes/large.bmp
11:41:49| Number of drawing commands = 31648
11:41:49| Number of threads created  = 1139
11:41:54| 
11:41:54| File: ./mazes/large-loops.bmp
11:41:54| Number of drawing commands = 32648
11:41:54| Number of threads created  = 1713
11:42:00| 
11:42:00| File: ./mazes/large-squares.bmp
11:42:00| Number of drawing commands = 32712
11:42:00| Number of threads created  = 2424
11:42:05| 
11:42:05| File: ./mazes/large-open.bmp
11:42:05| Number of drawing commands = 7465
11:42:05| Number of threads created  = 3157
11:42:09| ****************************************
