11:28:08| ****************************************
11:28:08| Part 2
11:28:08| 
11:28:08| File: ./mazes/very-small.bmp
11:28:08| Number of drawing commands = 84
11:28:08| Number of threads created  = 2
11:28:11| 
11:28:11| File: ./mazes/very-small-loops.bmp
11:28:11| Number of drawing commands = 322
11:28:11| Number of threads created  = 8
11:28:21| 
11:28:21| File: ./mazes/small.bmp
11:28:21| Number of drawing commands = 1664
11:28:21| Number of threads created  = 26
11:29:04| 
11:29:04| File: ./mazes/small-loops.bmp
11:29:04| Number of drawing commands = 2024
11:29:04| Number of threads created  = 57
11:29:48| 
11:29:48| File: ./mazes/small-odd.bmp
11:29:48| Number of drawing commands = 2164
11:29:48| Number of threads created  = 214
11:30:45| 
11:30:45| File: ./mazes/small-open.bmp
11:30:46| Number of drawing commands = 2522
11:30:46| Number of threads created  = 736
11:32:08| 
11:32:08| File: ./mazes/large.bmp
11:32:08| Number of drawing commands = 31332
11:32:08| Number of threads created  = 1105
11:32:34| 
11:32:34| File: ./mazes/large-loops.bmp
11:32:34| Number of drawing commands = 33260
11:32:34| Number of threads created  = 1698
11:32:47| 
11:32:47| File: ./mazes/large-squares.bmp
11:32:47| Number of drawing commands = 32692
11:32:47| Number of threads created  = 2407
11:32:53| 
11:32:53| File: ./mazes/large-open.bmp
11:32:53| Number of drawing commands = 7461
11:32:53| Number of threads created  = 3130
11:32:59| ****************************************
