11:40:42| ****************************************
11:40:42| Part 2
11:40:42| 
11:40:42| File: ./mazes/very-small.bmp
11:40:42| Number of drawing commands = 82
11:40:42| Number of threads created  = 3
11:40:46| 
11:40:46| File: ./mazes/very-small-loops.bmp
11:40:46| Number of drawing commands = 322
11:40:46| Number of threads created  = 10
11:41:01| 
11:41:01| File: ./mazes/small.bmp
11:41:01| Number of drawing commands = 1682
11:41:01| Number of threads created  = 30
11:41:06| 
11:41:06| File: ./mazes/small-loops.bmp
11:41:06| Number of drawing commands = 2008
11:41:06| Number of threads created  = 61
11:41:08| 
11:41:08| File: ./mazes/small-odd.bmp
11:41:08| Number of drawing commands = 2154
11:41:08| Number of threads created  = 211
11:41:09| 
11:41:09| File: ./mazes/small-open.bmp
11:41:09| Number of drawing commands = 2562
11:41:09| Number of threads created  = 750
11:41:11| 
11:41:11| File: ./mazes/large.bmp
11:41:11| Number of drawing commands = 31336
11:41:11| Number of threads created  = 1121
11:41:13| 
11:41:13| File: ./mazes/large-loops.bmp
11:41:14| Number of drawing commands = 32512
11:41:14| Number of threads created  = 1695
11:41:17| 
11:41:17| File: ./mazes/large-squares.bmp
11:41:17| Number of drawing commands = 32760
11:41:17| Number of threads created  = 2408
11:41:21| 
11:41:21| File: ./mazes/large-open.bmp
11:41:21| Number of drawing commands = 7311
11:41:21| Number of threads created  = 3111
11:41:23| ****************************************
