12:28:33| ****************************************
12:28:33| Part 2
12:28:33| 
12:28:33| File: ./mazes/very-small.bmp
12:28:34| Number of drawing commands = 86
12:28:34| Number of threads created  = 3
12:28:38| 
12:28:38| File: ./mazes/very-small-loops.bmp
12:28:38| Number of drawing commands = 322
12:28:38| Number of threads created  = 10
12:28:48| 
12:28:48| File: ./mazes/small.bmp
12:28:48| Number of drawing commands = 1674
12:28:48| Number of threads created  = 30
12:44:43| 
12:44:43| File: ./mazes/small-loops.bmp
12:44:43| Number of drawing commands = 2054
12:44:43| Number of threads created  = 61
12:44:47| 
12:44:47| File: ./mazes/small-odd.bmp
12:44:47| Number of drawing commands = 2154
12:44:47| Number of threads created  = 206
12:44:53| 
12:44:53| File: ./mazes/small-open.bmp
12:44:53| Number of drawing commands = 2546
12:44:53| Number of threads created  = 746
12:44:54| 
12:44:54| File: ./mazes/large.bmp
12:44:55| Number of drawing commands = 31096
12:44:55| Number of threads created  = 1107
12:44:58| 
12:44:58| File: ./mazes/large-loops.bmp
12:44:58| Number of drawing commands = 32084
12:44:58| Number of threads created  = 1666
12:45:01| 
12:45:01| File: ./mazes/large-squares.bmp
12:45:01| Number of drawing commands = 32708
12:45:01| Number of threads created  = 2377
12:45:04| 
12:45:04| File: ./mazes/large-open.bmp
12:45:04| Number of drawing commands = 7351
12:45:04| Number of threads created  = 3088
12:45:06| ****************************************
