11:47:01| ****************************************
11:47:01| Part 2
11:47:01| 
11:47:01| File: ./mazes/very-small.bmp
11:47:01| Number of drawing commands = 84
11:47:01| Number of threads created  = 2
11:47:02| 
11:47:02| File: ./mazes/very-small-loops.bmp
11:47:02| Number of drawing commands = 322
11:47:02| Number of threads created  = 8
11:47:03| 
11:47:03| File: ./mazes/small.bmp
11:47:03| Number of drawing commands = 1668
11:47:03| Number of threads created  = 26
11:47:04| 
11:47:04| File: ./mazes/small-loops.bmp
11:47:04| Number of drawing commands = 2034
11:47:04| Number of threads created  = 55
11:47:05| 
11:47:05| File: ./mazes/small-odd.bmp
11:47:05| Number of drawing commands = 2260
11:47:05| Number of threads created  = 222
11:47:06| 
11:47:06| File: ./mazes/small-open.bmp
11:47:06| Number of drawing commands = 2506
11:47:06| Number of threads created  = 742
11:47:07| 
11:47:07| File: ./mazes/large.bmp
11:47:07| Number of drawing commands = 31016
11:47:07| Number of threads created  = 1100
11:47:10| 
11:47:10| File: ./mazes/large-loops.bmp
11:47:10| Number of drawing commands = 33312
11:47:10| Number of threads created  = 1693
11:47:13| 
11:47:13| File: ./mazes/large-squares.bmp
11:47:13| Number of drawing commands = 32708
11:47:13| Number of threads created  = 2403
11:47:16| 
11:47:16| File: ./mazes/large-open.bmp
11:47:16| Number of drawing commands = 7307
11:47:16| Number of threads created  = 3098
11:47:17| ****************************************
