17:44:54| ****************************************
17:44:54| Part 2
17:44:54| 
17:44:54| File: ./mazes/very-small.bmp
17:44:54| Number of drawing commands = 84
17:44:54| Number of threads created  = 3
17:45:00| 
17:45:00| File: ./mazes/very-small-loops.bmp
17:45:00| Number of drawing commands = 322
17:45:00| Number of threads created  = 10
17:45:22| 
17:45:22| File: ./mazes/small.bmp
17:45:22| Number of drawing commands = 1664
17:45:22| Number of threads created  = 30
17:45:40| 
17:45:40| File: ./mazes/small-loops.bmp
17:45:40| Number of drawing commands = 2038
17:45:40| Number of threads created  = 62
17:45:42| 
17:45:42| File: ./mazes/small-odd.bmp
17:45:42| Number of drawing commands = 2198
17:45:42| Number of threads created  = 220
17:45:44| 
17:45:44| File: ./mazes/small-open.bmp
17:45:44| Number of drawing commands = 2502
17:45:44| Number of threads created  = 732
17:45:47| 
17:45:47| File: ./mazes/large.bmp
17:45:47| Number of drawing commands = 31448
17:45:47| Number of threads created  = 1104
17:46:08| 
17:46:08| File: ./mazes/large-loops.bmp
17:46:08| Number of drawing commands = 33188
17:46:08| Number of threads created  = 1696
17:46:12| 
17:46:12| File: ./mazes/large-squares.bmp
17:46:12| Number of drawing commands = 32692
17:46:12| Number of threads created  = 2406
17:46:16| 
17:46:16| File: ./mazes/large-open.bmp
17:46:16| Number of drawing commands = 7243
17:46:16| Number of threads created  = 3099
17:46:20| ****************************************
