23:51:05| 213 cars have been created. = 2.37179460
23:51:05| Factories      : 1
23:51:05| Dealerships    : 1
23:51:05| Run Time       : 2.3718
23:51:05| Max queue size : 6
23:51:05| Factory Stats  : Made = 213 @ [213]
23:51:05| Dealer Stats   : Sold = 213 @ [213]
23:51:05| 
23:51:08| 265 cars have been created. = 2.90784710
23:51:08| Factories      : 1
23:51:08| Dealerships    : 2
23:51:08| Run Time       : 2.9078
23:51:08| Max queue size : 3
23:51:08| Factory Stats  : Made = 265 @ [265]
23:51:08| Dealer Stats   : Sold = 265 @ [131, 134]
23:51:08| 
23:51:14| 593 cars have been created. = 6.58131320
23:51:14| Factories      : 2
23:51:14| Dealerships    : 1
23:51:14| Run Time       : 6.5813
23:51:14| Max queue size : 10
23:51:14| Factory Stats  : Made = 593 @ [297, 296]
23:51:14| Dealer Stats   : Sold = 593 @ [593]
23:51:14| 
23:51:17| 480 cars have been created. = 2.78815510
23:51:17| Factories      : 2
23:51:17| Dealerships    : 2
23:51:17| Run Time       : 2.7882
23:51:17| Max queue size : 10
23:51:17| Factory Stats  : Made = 480 @ [227, 253]
23:51:17| Dealer Stats   : Sold = 480 @ [246, 234]
23:51:17| 
23:51:20| 488 cars have been created. = 2.91750820
23:51:20| Factories      : 2
23:51:20| Dealerships    : 5
23:51:20| Run Time       : 2.9175
23:51:20| Max queue size : 4
23:51:20| Factory Stats  : Made = 488 @ [221, 267]
23:51:20| Dealer Stats   : Sold = 488 @ [89, 114, 112, 85, 88]
23:51:20| 
23:51:28| 1256 cars have been created. = 7.56430310
23:51:28| Factories      : 5
23:51:28| Dealerships    : 2
23:51:28| Run Time       : 7.5643
23:51:28| Max queue size : 10
23:51:28| Factory Stats  : Made = 1256 @ [256, 298, 270, 222, 210]
23:51:28| Dealer Stats   : Sold = 1256 @ [664, 592]
23:51:28| 
23:51:31| 2453 cars have been created. = 3.54457370
23:51:31| Factories      : 10
23:51:31| Dealerships    : 10
23:51:31| Run Time       : 3.5446
23:51:31| Max queue size : 8
23:51:31| Factory Stats  : Made = 2453 @ [285, 277, 212, 235, 214, 219, 245, 239, 258, 269]
23:51:31| Dealer Stats   : Sold = 2453 @ [284, 281, 270, 254, 221, 217, 265, 207, 226, 228]
23:51:31| 
