21:47:25| 228 cars have been created. = 2.84153200
21:47:25| Factories      : 1
21:47:25| Dealerships    : 1
21:47:25| Run Time       : 2.8415
21:47:25| Max queue size : 9
21:47:25| Factory Stats  : Made = 228 @ [228]
21:47:25| Dealer Stats   : Sold = 228 @ [228]
21:47:25| 
21:47:28| 293 cars have been created. = 3.48582220
21:47:28| Factories      : 1
21:47:28| Dealerships    : 2
21:47:28| Run Time       : 3.4858
21:47:28| Max queue size : 3
21:47:28| Factory Stats  : Made = 293 @ [293]
21:47:28| Dealer Stats   : Sold = 293 @ [147, 146]
21:47:28| 
21:47:34| 514 cars have been created. = 5.87233630
21:47:34| Factories      : 2
21:47:34| Dealerships    : 1
21:47:34| Run Time       : 5.8723
21:47:34| Max queue size : 10
21:47:34| Factory Stats  : Made = 514 @ [283, 231]
21:47:34| Dealer Stats   : Sold = 514 @ [514]
21:47:34| 
21:47:37| 441 cars have been created. = 2.98252760
21:47:37| Factories      : 2
21:47:37| Dealerships    : 2
21:47:37| Run Time       : 2.9825
21:47:37| Max queue size : 10
21:47:37| Factory Stats  : Made = 441 @ [200, 241]
21:47:37| Dealer Stats   : Sold = 441 @ [207, 234]
21:47:37| 
21:47:40| 537 cars have been created. = 3.23824830
21:47:40| Factories      : 2
21:47:40| Dealerships    : 5
21:47:40| Run Time       : 3.2382
21:47:40| Max queue size : 4
21:47:40| Factory Stats  : Made = 537 @ [271, 266]
21:47:40| Dealer Stats   : Sold = 537 @ [105, 108, 104, 110, 110]
21:47:40| 
