23:12:53| Starting to retrieve data from the server
23:12:56| Characters:
23:12:56|   Adi Gallia
23:12:56|   Anakin Skywalker
23:12:56|   Ayla Secura
23:12:56|   Bail Prestor Organa
23:12:56|   Beru Whitesun lars
23:12:56|   C-3PO
23:12:56|   Chewbacca
23:12:56|   Darth Vader
23:12:56|   Dooku
23:12:56|   Eeth Koth
23:12:56|   Grievous
23:12:56|   Ki-Adi-Mundi
23:12:56|   Kit Fisto
23:12:56|   Leia Organa
23:12:56|   Luke Skywalker
23:12:56|   Luminara Unduli
23:12:56|   Mace Windu
23:12:56|   Nute Gunray
23:12:56|   Obi-Wan Kenobi
23:12:56|   Owen Lars
23:12:56|   Padmé Amidala
23:12:56|   Palpatine
23:12:56|   Plo Koon
23:12:56|   Poggle the Lesser
23:12:56|   R2-D2
23:12:56|   R4-P17
23:12:56|   Raymus Antilles
23:12:56|   Saesee Tiin
23:12:56|   Shaak Ti
23:12:56|   Sly Moore
23:12:56|   Tarfful
23:12:56|   Tion Medon
23:12:56|   Wilhuff Tarkin
23:12:56|   Yoda
23:12:57| Planets:
23:12:57|   Alderaan
23:12:57|   Cato Neimoidia
23:12:57|   Coruscant
23:12:57|   Dagobah
23:12:57|   Felucia
23:12:57|   Kashyyyk
23:12:57|   Mustafar
23:12:57|   Mygeeto
23:12:57|   Naboo
23:12:57|   Polis Massa
23:12:57|   Saleucami
23:12:57|   Tatooine
23:12:57|   Utapau
23:12:58| Starships:
23:12:58|   Banking clan frigte
23:12:58|   Belbullab-22 starfighter
23:12:58|   CR90 corvette
23:12:58|   Droid control ship
23:12:58|   Jedi Interceptor
23:12:58|   Jedi starfighter
23:12:58|   Naboo star skiff
23:12:58|   Republic attack cruiser
23:12:58|   Theta-class T-2c shuttle
23:12:58|   Trade Federation cruiser
23:12:58|   V-wing
23:12:58|   arc-170
23:12:59| Vehicles:
23:12:59|   AT-RT
23:12:59|   AT-TE
23:12:59|   Clone turbo tank
23:12:59|   Corporate Alliance tank droid
23:12:59|   Droid gunship
23:12:59|   Droid tri-fighter
23:12:59|   Emergency Firespeeder
23:12:59|   LAAT/i
23:12:59|   Neimoidian shuttle
23:12:59|   Oevvaor jet catamaran
23:12:59|   Raddaugh Gnasp fluttercraft
23:12:59|   Tsmeu-6 personal wheel bike
23:12:59|   Vulture Droid
23:13:00| Species:
23:13:00|   Cerean
23:13:00|   Chagrian
23:13:00|   Clawdite
23:13:00|   Droid
23:13:00|   Geonosian
23:13:00|   Human
23:13:00|   Iktotchi
23:13:00|   Kaleesh
23:13:00|   Kel Dor
23:13:00|   Mirialan
23:13:00|   Muun
23:13:00|   Pau an
23:13:00|   Quermian
23:13:00|   Skakoan
23:13:00|   Tholothian
23:13:00|   Togruta
23:13:00|   Toong
23:13:00|   Twi lek
23:13:00|   Wookie
23:13:00|   Yoda species
23:13:00| Total Time To complete = 7.16797450
23:13:00| There were 92 calls to the server
