23:15:52| Starting to retrieve data from the server
23:15:55| Characters:
23:15:55|   Adi Gallia
23:15:55|   Anakin Skywalker
23:15:55|   Ayla Secura
23:15:55|   Bail Prestor Organa
23:15:55|   Beru Whitesun lars
23:15:55|   C-3PO
23:15:55|   Chewbacca
23:15:55|   Darth Vader
23:15:55|   Dooku
23:15:55|   Eeth Koth
23:15:55|   Grievous
23:15:55|   Ki-Adi-Mundi
23:15:55|   Kit Fisto
23:15:55|   Leia Organa
23:15:55|   Luke Skywalker
23:15:55|   Luminara Unduli
23:15:55|   Mace Windu
23:15:55|   Nute Gunray
23:15:55|   Obi-Wan Kenobi
23:15:55|   Owen Lars
23:15:55|   Padmé Amidala
23:15:55|   Palpatine
23:15:55|   Plo Koon
23:15:55|   Poggle the Lesser
23:15:55|   R2-D2
23:15:55|   R4-P17
23:15:55|   Raymus Antilles
23:15:55|   Saesee Tiin
23:15:55|   Shaak Ti
23:15:55|   Sly Moore
23:15:55|   Tarfful
23:15:55|   Tion Medon
23:15:55|   Wilhuff Tarkin
23:15:55|   Yoda
23:15:56| Planets:
23:15:56|   Alderaan
23:15:56|   Cato Neimoidia
23:15:56|   Coruscant
23:15:56|   Dagobah
23:15:56|   Felucia
23:15:56|   Kashyyyk
23:15:56|   Mustafar
23:15:56|   Mygeeto
23:15:56|   Naboo
23:15:56|   Polis Massa
23:15:56|   Saleucami
23:15:56|   Tatooine
23:15:56|   Utapau
23:15:57| Starships:
23:15:57|   Banking clan frigte
23:15:57|   Belbullab-22 starfighter
23:15:57|   CR90 corvette
23:15:57|   Droid control ship
23:15:57|   Jedi Interceptor
23:15:57|   Jedi starfighter
23:15:57|   Naboo star skiff
23:15:57|   Republic attack cruiser
23:15:57|   Theta-class T-2c shuttle
23:15:57|   Trade Federation cruiser
23:15:57|   V-wing
23:15:57|   arc-170
23:15:58| Vehicles:
23:15:58|   AT-RT
23:15:58|   AT-TE
23:15:58|   Clone turbo tank
23:15:58|   Corporate Alliance tank droid
23:15:58|   Droid gunship
23:15:58|   Droid tri-fighter
23:15:58|   Emergency Firespeeder
23:15:58|   LAAT/i
23:15:58|   Neimoidian shuttle
23:15:58|   Oevvaor jet catamaran
23:15:58|   Raddaugh Gnasp fluttercraft
23:15:58|   Tsmeu-6 personal wheel bike
23:15:58|   Vulture Droid
23:15:59| Species:
23:15:59|   Cerean
23:15:59|   Chagrian
23:15:59|   Clawdite
23:15:59|   Droid
23:15:59|   Geonosian
23:15:59|   Human
23:15:59|   Iktotchi
23:15:59|   Kaleesh
23:15:59|   Kel Dor
23:15:59|   Mirialan
23:15:59|   Muun
23:15:59|   Pau an
23:15:59|   Quermian
23:15:59|   Skakoan
23:15:59|   Tholothian
23:15:59|   Togruta
23:15:59|   Toong
23:15:59|   Twi lek
23:15:59|   Wookie
23:15:59|   Yoda species
23:15:59| Total Time To complete = 7.15755360
23:15:59| There were 92 calls to the server
