23:14:13| Starting to retrieve data from the server
23:14:16| Characters:
23:14:16|   Adi Gallia
23:14:16|   Anakin Skywalker
23:14:16|   Ayla Secura
23:14:16|   Bail Prestor Organa
23:14:16|   Beru Whitesun lars
23:14:16|   C-3PO
23:14:16|   Chewbacca
23:14:16|   Darth Vader
23:14:16|   Dooku
23:14:16|   Eeth Koth
23:14:16|   Grievous
23:14:16|   Ki-Adi-Mundi
23:14:16|   Kit Fisto
23:14:16|   Leia Organa
23:14:16|   Luke Skywalker
23:14:16|   Luminara Unduli
23:14:16|   Mace Windu
23:14:16|   Nute Gunray
23:14:16|   Obi-Wan Kenobi
23:14:16|   Owen Lars
23:14:16|   Padmé Amidala
23:14:16|   Palpatine
23:14:16|   Plo Koon
23:14:16|   Poggle the Lesser
23:14:16|   R2-D2
23:14:16|   R4-P17
23:14:16|   Raymus Antilles
23:14:16|   Saesee Tiin
23:14:16|   Shaak Ti
23:14:16|   Sly Moore
23:14:16|   Tarfful
23:14:16|   Tion Medon
23:14:16|   Wilhuff Tarkin
23:14:16|   Yoda
23:14:17| Planets:
23:14:17|   Alderaan
23:14:17|   Cato Neimoidia
23:14:17|   Coruscant
23:14:17|   Dagobah
23:14:17|   Felucia
23:14:17|   Kashyyyk
23:14:17|   Mustafar
23:14:17|   Mygeeto
23:14:17|   Naboo
23:14:17|   Polis Massa
23:14:17|   Saleucami
23:14:17|   Tatooine
23:14:17|   Utapau
23:14:18| Starships:
23:14:18|   Banking clan frigte
23:14:18|   Belbullab-22 starfighter
23:14:18|   CR90 corvette
23:14:18|   Droid control ship
23:14:18|   Jedi Interceptor
23:14:18|   Jedi starfighter
23:14:18|   Naboo star skiff
23:14:18|   Republic attack cruiser
23:14:18|   Theta-class T-2c shuttle
23:14:18|   Trade Federation cruiser
23:14:18|   V-wing
23:14:18|   arc-170
23:14:19| Vehicles:
23:14:19|   AT-RT
23:14:19|   AT-TE
23:14:19|   Clone turbo tank
23:14:19|   Corporate Alliance tank droid
23:14:19|   Droid gunship
23:14:19|   Droid tri-fighter
23:14:19|   Emergency Firespeeder
23:14:19|   LAAT/i
23:14:19|   Neimoidian shuttle
23:14:19|   Oevvaor jet catamaran
23:14:19|   Raddaugh Gnasp fluttercraft
23:14:19|   Tsmeu-6 personal wheel bike
23:14:19|   Vulture Droid
23:14:20| Species:
23:14:20|   Cerean
23:14:20|   Chagrian
23:14:20|   Clawdite
23:14:20|   Droid
23:14:20|   Geonosian
23:14:20|   Human
23:14:20|   Iktotchi
23:14:20|   Kaleesh
23:14:20|   Kel Dor
23:14:20|   Mirialan
23:14:20|   Muun
23:14:20|   Pau an
23:14:20|   Quermian
23:14:20|   Skakoan
23:14:20|   Tholothian
23:14:20|   Togruta
23:14:20|   Toong
23:14:20|   Twi lek
23:14:20|   Wookie
23:14:20|   Yoda species
23:14:20| Total Time To complete = 7.15415680
23:14:20| There were 92 calls to the server
