21:05:34| Starting to retrieve data from the server
21:05:38| Characters:
21:05:38|   Adi Gallia
21:05:38|   Anakin Skywalker
21:05:38|   Ayla Secura
21:05:38|   Bail Prestor Organa
21:05:38|   Beru Whitesun lars
21:05:38|   C-3PO
21:05:38|   Chewbacca
21:05:38|   Darth Vader
21:05:38|   Dooku
21:05:38|   Eeth Koth
21:05:38|   Grievous
21:05:38|   Ki-Adi-Mundi
21:05:38|   Kit Fisto
21:05:38|   Leia Organa
21:05:38|   Luke Skywalker
21:05:38|   Luminara Unduli
21:05:38|   Mace Windu
21:05:38|   Nute Gunray
21:05:38|   Obi-Wan Kenobi
21:05:38|   Owen Lars
21:05:38|   Padmé Amidala
21:05:38|   Palpatine
21:05:38|   Plo Koon
21:05:38|   Poggle the Lesser
21:05:38|   R2-D2
21:05:38|   R4-P17
21:05:38|   Raymus Antilles
21:05:38|   Saesee Tiin
21:05:38|   Shaak Ti
21:05:38|   Sly Moore
21:05:38|   Tarfful
21:05:38|   Tion Medon
21:05:38|   Wilhuff Tarkin
21:05:38|   Yoda
21:05:39| Planets:
21:05:39|   Alderaan
21:05:39|   Cato Neimoidia
21:05:39|   Coruscant
21:05:39|   Dagobah
21:05:39|   Felucia
21:05:39|   Kashyyyk
21:05:39|   Mustafar
21:05:39|   Mygeeto
21:05:39|   Naboo
21:05:39|   Polis Massa
21:05:39|   Saleucami
21:05:39|   Tatooine
21:05:39|   Utapau
21:05:40| Starships:
21:05:40|   Banking clan frigte
21:05:40|   Belbullab-22 starfighter
21:05:40|   CR90 corvette
21:05:40|   Droid control ship
21:05:40|   Jedi Interceptor
21:05:40|   Jedi starfighter
21:05:40|   Naboo star skiff
21:05:40|   Republic attack cruiser
21:05:40|   Theta-class T-2c shuttle
21:05:40|   Trade Federation cruiser
21:05:40|   V-wing
21:05:40|   arc-170
21:05:41| Vehicles:
21:05:41|   AT-RT
21:05:41|   AT-TE
21:05:41|   Clone turbo tank
21:05:41|   Corporate Alliance tank droid
21:05:41|   Droid gunship
21:05:41|   Droid tri-fighter
21:05:41|   Emergency Firespeeder
21:05:41|   LAAT/i
21:05:41|   Neimoidian shuttle
21:05:41|   Oevvaor jet catamaran
21:05:41|   Raddaugh Gnasp fluttercraft
21:05:41|   Tsmeu-6 personal wheel bike
21:05:41|   Vulture Droid
21:05:42| Species:
21:05:42|   Cerean
21:05:42|   Chagrian
21:05:42|   Clawdite
21:05:42|   Droid
21:05:42|   Geonosian
21:05:42|   Human
21:05:42|   Iktotchi
21:05:42|   Kaleesh
21:05:42|   Kel Dor
21:05:42|   Mirialan
21:05:42|   Muun
21:05:42|   Pau an
21:05:42|   Quermian
21:05:42|   Skakoan
21:05:42|   Tholothian
21:05:42|   Togruta
21:05:42|   Toong
21:05:42|   Twi lek
21:05:42|   Wookie
21:05:42|   Yoda species
21:05:42| Total Time To complete = 7.21366950
21:05:42| There were 92 calls to the server
