23:37:20| Starting to retrieve data from the server
23:37:23| 
Characters (34):
23:37:23|   Adi Gallia
23:37:23|   Anakin Skywalker
23:37:23|   Ayla Secura
23:37:23|   Bail Prestor Organa
23:37:23|   Beru Whitesun lars
23:37:23|   C-3PO
23:37:23|   Chewbacca
23:37:23|   Darth Vader
23:37:23|   Dooku
23:37:23|   Eeth Koth
23:37:23|   Grievous
23:37:23|   Ki-Adi-Mundi
23:37:23|   Kit Fisto
23:37:23|   Leia Organa
23:37:23|   Luke Skywalker
23:37:23|   Luminara Unduli
23:37:23|   Mace Windu
23:37:23|   Nute Gunray
23:37:23|   Obi-Wan Kenobi
23:37:23|   Owen Lars
23:37:23|   Padmé Amidala
23:37:23|   Palpatine
23:37:23|   Plo Koon
23:37:23|   Poggle the Lesser
23:37:23|   R2-D2
23:37:23|   R4-P17
23:37:23|   Raymus Antilles
23:37:23|   Saesee Tiin
23:37:23|   Shaak Ti
23:37:23|   Sly Moore
23:37:23|   Tarfful
23:37:23|   Tion Medon
23:37:23|   Wilhuff Tarkin
23:37:23|   Yoda
23:37:23| 

23:37:24| 
Planets (13):
23:37:24|   Alderaan
23:37:24|   Cato Neimoidia
23:37:24|   Coruscant
23:37:24|   Dagobah
23:37:24|   Felucia
23:37:24|   Kashyyyk
23:37:24|   Mustafar
23:37:24|   Mygeeto
23:37:24|   Naboo
23:37:24|   Polis Massa
23:37:24|   Saleucami
23:37:24|   Tatooine
23:37:24|   Utapau
23:37:24| 

23:37:25| 
Starships (12):
23:37:25|   Banking clan frigte
23:37:25|   Belbullab-22 starfighter
23:37:25|   CR90 corvette
23:37:25|   Droid control ship
23:37:25|   Jedi Interceptor
23:37:25|   Jedi starfighter
23:37:25|   Naboo star skiff
23:37:25|   Republic attack cruiser
23:37:25|   Theta-class T-2c shuttle
23:37:25|   Trade Federation cruiser
23:37:25|   V-wing
23:37:25|   arc-170
23:37:25| 

23:37:26| 
Vehicles (13):
23:37:26|   AT-RT
23:37:26|   AT-TE
23:37:26|   Clone turbo tank
23:37:26|   Corporate Alliance tank droid
23:37:26|   Droid gunship
23:37:26|   Droid tri-fighter
23:37:26|   Emergency Firespeeder
23:37:26|   LAAT/i
23:37:26|   Neimoidian shuttle
23:37:26|   Oevvaor jet catamaran
23:37:26|   Raddaugh Gnasp fluttercraft
23:37:26|   Tsmeu-6 personal wheel bike
23:37:26|   Vulture Droid
23:37:26| 

23:37:27| 
Species (20):
23:37:27|   Cerean
23:37:27|   Chagrian
23:37:27|   Clawdite
23:37:27|   Droid
23:37:27|   Geonosian
23:37:27|   Human
23:37:27|   Iktotchi
23:37:27|   Kaleesh
23:37:27|   Kel Dor
23:37:27|   Mirialan
23:37:27|   Muun
23:37:27|   Pau an
23:37:27|   Quermian
23:37:27|   Skakoan
23:37:27|   Tholothian
23:37:27|   Togruta
23:37:27|   Toong
23:37:27|   Twi lek
23:37:27|   Wookie
23:37:27|   Yoda species
23:37:27| 

23:37:27| 
Total Time To Complete: = 7.15648010
23:37:27| There were 92 calls to the server

