20:57:45| Starting to retrieve data from the server
20:57:48| Characters:
20:57:48|   Adi Gallia
20:57:48|   Anakin Skywalker
20:57:48|   Ayla Secura
20:57:48|   Bail Prestor Organa
20:57:48|   Beru Whitesun lars
20:57:48|   C-3PO
20:57:48|   Chewbacca
20:57:48|   Darth Vader
20:57:48|   Dooku
20:57:48|   Eeth Koth
20:57:48|   Grievous
20:57:48|   Ki-Adi-Mundi
20:57:48|   Kit Fisto
20:57:48|   Leia Organa
20:57:48|   Luke Skywalker
20:57:48|   Luminara Unduli
20:57:48|   Mace Windu
20:57:48|   Nute Gunray
20:57:48|   Obi-Wan Kenobi
20:57:48|   Owen Lars
20:57:48|   Padmé Amidala
20:57:48|   Palpatine
20:57:48|   Plo Koon
20:57:48|   Poggle the Lesser
20:57:48|   R2-D2
20:57:48|   R4-P17
20:57:48|   Raymus Antilles
20:57:48|   Saesee Tiin
20:57:48|   Shaak Ti
20:57:48|   Sly Moore
20:57:48|   Tarfful
20:57:48|   Tion Medon
20:57:48|   Wilhuff Tarkin
20:57:48|   Yoda
20:57:50| Planets:
20:57:50|   Alderaan
20:57:50|   Cato Neimoidia
20:57:50|   Coruscant
20:57:50|   Dagobah
20:57:50|   Felucia
20:57:50|   Kashyyyk
20:57:50|   Mustafar
20:57:50|   Mygeeto
20:57:50|   Naboo
20:57:50|   Polis Massa
20:57:50|   Saleucami
20:57:50|   Tatooine
20:57:50|   Utapau
20:57:51| Starships:
20:57:51|   Banking clan frigte
20:57:51|   Belbullab-22 starfighter
20:57:51|   CR90 corvette
20:57:51|   Droid control ship
20:57:51|   Jedi Interceptor
20:57:51|   Jedi starfighter
20:57:51|   Naboo star skiff
20:57:51|   Republic attack cruiser
20:57:51|   Theta-class T-2c shuttle
20:57:51|   Trade Federation cruiser
20:57:51|   V-wing
20:57:51|   arc-170
20:57:52| Vehicles:
20:57:52|   AT-RT
20:57:52|   AT-TE
20:57:52|   Clone turbo tank
20:57:52|   Corporate Alliance tank droid
20:57:52|   Droid gunship
20:57:52|   Droid tri-fighter
20:57:52|   Emergency Firespeeder
20:57:52|   LAAT/i
20:57:52|   Neimoidian shuttle
20:57:52|   Oevvaor jet catamaran
20:57:52|   Raddaugh Gnasp fluttercraft
20:57:52|   Tsmeu-6 personal wheel bike
20:57:52|   Vulture Droid
20:57:53| Species:
20:57:53|   Cerean
20:57:53|   Chagrian
20:57:53|   Clawdite
20:57:53|   Droid
20:57:53|   Geonosian
20:57:53|   Human
20:57:53|   Iktotchi
20:57:53|   Kaleesh
20:57:53|   Kel Dor
20:57:53|   Mirialan
20:57:53|   Muun
20:57:53|   Pau an
20:57:53|   Quermian
20:57:53|   Skakoan
20:57:53|   Tholothian
20:57:53|   Togruta
20:57:53|   Toong
20:57:53|   Twi lek
20:57:53|   Wookie
20:57:53|   Yoda species
20:57:53| Total Time To complete = 7.47646030
20:57:53| There were 92 calls to the server
