23:22:46| Starting to retrieve data from the server
23:22:49| Characters:
23:22:49|   Adi Gallia
23:22:49|   Anakin Skywalker
23:22:49|   Ayla Secura
23:22:49|   Bail Prestor Organa
23:22:49|   Beru Whitesun lars
23:22:49|   C-3PO
23:22:49|   Chewbacca
23:22:49|   Darth Vader
23:22:49|   Dooku
23:22:49|   Eeth Koth
23:22:49|   Grievous
23:22:49|   Ki-Adi-Mundi
23:22:49|   Kit Fisto
23:22:49|   Leia Organa
23:22:49|   Luke Skywalker
23:22:49|   Luminara Unduli
23:22:49|   Mace Windu
23:22:49|   Nute Gunray
23:22:49|   Obi-Wan Kenobi
23:22:49|   Owen Lars
23:22:49|   Padmé Amidala
23:22:49|   Palpatine
23:22:49|   Plo Koon
23:22:49|   Poggle the Lesser
23:22:49|   R2-D2
23:22:49|   R4-P17
23:22:49|   Raymus Antilles
23:22:49|   Saesee Tiin
23:22:49|   Shaak Ti
23:22:49|   Sly Moore
23:22:49|   Tarfful
23:22:49|   Tion Medon
23:22:49|   Wilhuff Tarkin
23:22:49|   Yoda
23:22:50| Planets:
23:22:50|   Alderaan
23:22:50|   Cato Neimoidia
23:22:50|   Coruscant
23:22:50|   Dagobah
23:22:50|   Felucia
23:22:50|   Kashyyyk
23:22:50|   Mustafar
23:22:50|   Mygeeto
23:22:50|   Naboo
23:22:50|   Polis Massa
23:22:50|   Saleucami
23:22:50|   Tatooine
23:22:50|   Utapau
23:22:51| Starships:
23:22:51|   Banking clan frigte
23:22:51|   Belbullab-22 starfighter
23:22:51|   CR90 corvette
23:22:51|   Droid control ship
23:22:51|   Jedi Interceptor
23:22:51|   Jedi starfighter
23:22:51|   Naboo star skiff
23:22:51|   Republic attack cruiser
23:22:51|   Theta-class T-2c shuttle
23:22:51|   Trade Federation cruiser
23:22:51|   V-wing
23:22:51|   arc-170
23:22:52| Vehicles:
23:22:52|   AT-RT
23:22:52|   AT-TE
23:22:52|   Clone turbo tank
23:22:52|   Corporate Alliance tank droid
23:22:52|   Droid gunship
23:22:52|   Droid tri-fighter
23:22:52|   Emergency Firespeeder
23:22:52|   LAAT/i
23:22:52|   Neimoidian shuttle
23:22:52|   Oevvaor jet catamaran
23:22:52|   Raddaugh Gnasp fluttercraft
23:22:52|   Tsmeu-6 personal wheel bike
23:22:52|   Vulture Droid
23:22:53| Species:
23:22:53|   Cerean
23:22:53|   Chagrian
23:22:53|   Clawdite
23:22:53|   Droid
23:22:53|   Geonosian
23:22:53|   Human
23:22:53|   Iktotchi
23:22:53|   Kaleesh
23:22:53|   Kel Dor
23:22:53|   Mirialan
23:22:53|   Muun
23:22:53|   Pau an
23:22:53|   Quermian
23:22:53|   Skakoan
23:22:53|   Tholothian
23:22:53|   Togruta
23:22:53|   Toong
23:22:53|   Twi lek
23:22:53|   Wookie
23:22:53|   Yoda species
23:22:53| Total Time To complete = 7.15334180
23:22:53| There were 92 calls to the server
