18:29:15| --------------------------------------------------------------------------------
18:29:15| Primes: 1
18:29:15| 9,638,760,730,083 is not prime
18:29:15|  
18:29:15| --------------------------------------------------------------------------------
18:29:15| Words: 1
18:29:15| amusement Found
18:29:15|  
18:29:15| --------------------------------------------------------------------------------
18:29:15| Uppercase: 1
18:29:15| inject ==> INJECT
18:29:15|  
18:29:15| --------------------------------------------------------------------------------
18:29:15| Sums: 1
18:29:15| sum of 424 to 694,818 = 241,385,589,477
18:29:15|  
18:29:15| --------------------------------------------------------------------------------
18:29:15| Names: 1
18:29:15| http://127.0.0.1:8790/people/2/ has name C-3PO
18:29:15|  
18:29:15| Number of Primes tasks: 1
18:29:15| Number of Words tasks: 1
18:29:15| Number of Uppercase tasks: 1
18:29:15| Number of Sums tasks: 1
18:29:15| Number of Names tasks: 1
18:29:15| Total time to process 5 tasks = 1.15441110
