18:23:03| --------------------------------------------------------------------------------
18:23:03| Primes: 1
18:23:03| 200,000,000,000,000,000,000,000,000,000,000,001,111,111,111,111,111,111,111,111,111,111,111,111,111,111,111,111,111,111,111,111,111,111,111,111,111,111,111,111,111,111,111,111,111,111,111,111,111,111,111,111,111,111,111,111,111,111,111,111,111,111,111,111,111,111,111,111,111,111,111,111,111,111,111,111,111,111,111,111,111,111,111,111,111,111,111,111,111,111,111,111,111,111,111,111,111,111,111,111,111,111,111,111,111,111,111,111,111,111,111,111,111,111,111,119,999,939,999,999,999,999,999,999,999,939,999,999,999,999,999,393,939,393,999,999,999,999,999,999,999,939,393,999,999,999,999,999,999,999,999,999,999,993,939,399,999,999,999,999,999,999,999,999,999,999,999,999,991,111,111,111,111,111,111,111,111,111,111,111,111,111,111,111,111,111,111,111,111,111,111,111,111,111,111,111,111,111,111,111,111,111,111,111,111,111,111,199,999,999,999,999 is not prime
18:23:03|  
18:23:03| --------------------------------------------------------------------------------
18:23:03| Words: 1
18:23:03| amusement Found
18:23:03|  
18:23:03| --------------------------------------------------------------------------------
18:23:03| Uppercase: 1
18:23:03| inject ==> INJECT
18:23:03|  
18:23:03| --------------------------------------------------------------------------------
18:23:03| Sums: 1
18:23:03| sum of 424 to 694,818 = 241,385,589,477
18:23:03|  
18:23:03| --------------------------------------------------------------------------------
18:23:03| Names: 1
18:23:03| http://127.0.0.1:8790/people/2/ has name C-3PO
18:23:03|  
18:23:03| Number of Primes tasks: 1
18:23:03| Number of Words tasks: 1
18:23:03| Number of Uppercase tasks: 1
18:23:03| Number of Sums tasks: 1
18:23:03| Number of Names tasks: 1
18:23:03| Total time to process 5 tasks = 1.13545760
