19:01:40| --------------------------------------------------------------------------------
19:01:40| Primes: 1
19:01:40| None
19:01:40|  
19:01:40| --------------------------------------------------------------------------------
19:01:40| Words: 1
19:01:40| None
19:01:40|  
19:01:40| --------------------------------------------------------------------------------
19:01:40| Uppercase: 1
19:01:40| None
19:01:40|  
19:01:40| --------------------------------------------------------------------------------
19:01:40| Sums: 1
19:01:40| None
19:01:40|  
19:01:40| --------------------------------------------------------------------------------
19:01:40| Names: 1
19:01:40| None
19:01:40|  
19:01:40| Number of Primes tasks: 1
19:01:40| Number of Words tasks: 1
19:01:40| Number of Uppercase tasks: 1
19:01:40| Number of Sums tasks: 1
19:01:40| Number of Names tasks: 1
19:01:40| Total time to process 5 tasks = 3.80601370
