18:12:41| --------------------------------------------------------------------------------
18:12:41| Primes: 1
18:12:41| 9638760730083 is not prime
18:12:41|  
18:12:41| --------------------------------------------------------------------------------
18:12:41| Words: 1
18:12:41| amusement Found
18:12:41|  
18:12:41| --------------------------------------------------------------------------------
18:12:41| Uppercase: 1
18:12:41| INJECT
18:12:41|  
18:12:41| --------------------------------------------------------------------------------
18:12:41| Sums: 1
18:12:41| 241386284295
18:12:41|  
18:12:41| --------------------------------------------------------------------------------
18:12:41| Names: 1
18:12:41| http://127.0.0.1:8790/people/2/ has name C-3PO
18:12:41|  
18:12:41| Number of Primes tasks: 1
18:12:41| Number of Words tasks: 1
18:12:41| Number of Uppercase tasks: 1
18:12:41| Number of Sums tasks: 1
18:12:41| Number of Names tasks: 1
18:12:41| Total time to process 5 tasks = 1.14243160
