18:15:39| --------------------------------------------------------------------------------
18:15:39| Primes: 1
18:15:39| 9638760730083 is not prime
18:15:39|  
18:15:39| --------------------------------------------------------------------------------
18:15:39| Words: 1
18:15:39| amusement Found
18:15:39|  
18:15:39| --------------------------------------------------------------------------------
18:15:39| Uppercase: 1
18:15:39| INJECT
18:15:39|  
18:15:39| --------------------------------------------------------------------------------
18:15:39| Sums: 1
18:15:39| sum of 424 to 694,818:, = 241,386,284,295
18:15:39|  
18:15:39| --------------------------------------------------------------------------------
18:15:39| Names: 1
18:15:39| http://127.0.0.1:8790/people/2/ has name C-3PO
18:15:39|  
18:15:39| Number of Primes tasks: 1
18:15:39| Number of Words tasks: 1
18:15:39| Number of Uppercase tasks: 1
18:15:39| Number of Sums tasks: 1
18:15:39| Number of Names tasks: 1
18:15:39| Total time to process 5 tasks = 1.11220430
