18:51:30| --------------------------------------------------------------------------------
18:51:30| Primes: 1
18:51:30| None
18:51:30|  
18:51:30| --------------------------------------------------------------------------------
18:51:30| Words: 1
18:51:30| None
18:51:30|  
18:51:30| --------------------------------------------------------------------------------
18:51:30| Uppercase: 1
18:51:30| None
18:51:30|  
18:51:30| --------------------------------------------------------------------------------
18:51:30| Sums: 1
18:51:30| None
18:51:30|  
18:51:30| --------------------------------------------------------------------------------
18:51:30| Names: 1
18:51:30| None
18:51:30|  
18:51:30| Number of Primes tasks: 1
18:51:30| Number of Words tasks: 1
18:51:30| Number of Uppercase tasks: 1
18:51:30| Number of Sums tasks: 1
18:51:30| Number of Names tasks: 1
18:51:30| Total time to process 5 tasks = 3.35444400
