19:05:53| --------------------------------------------------------------------------------
19:05:53| Primes: 1
19:05:53| 9,638,760,730,083 is not prime
19:05:53|  
19:05:53| --------------------------------------------------------------------------------
19:05:53| Words: 1
19:05:53| amusement Found
19:05:53|  
19:05:53| --------------------------------------------------------------------------------
19:05:53| Uppercase: 1
19:05:53| None
19:05:53|  
19:05:53| --------------------------------------------------------------------------------
19:05:53| Sums: 1
19:05:53| None
19:05:53|  
19:05:53| --------------------------------------------------------------------------------
19:05:53| Names: 1
19:05:53| None
19:05:53|  
19:05:53| Number of Primes tasks: 1
19:05:53| Number of Words tasks: 1
19:05:53| Number of Uppercase tasks: 1
19:05:53| Number of Sums tasks: 1
19:05:53| Number of Names tasks: 1
19:05:53| Total time to process 5 tasks = 4.00820810
