13:03:05| --------------------------------------------------------------------------------
13:03:05| Primes: 1
13:03:05| 9638760730083 is not prime
13:03:05|  
13:03:05| --------------------------------------------------------------------------------
13:03:05| Words: 2
13:03:05| amusement Found
13:03:05| amusement
13:03:05|  
13:03:05| --------------------------------------------------------------------------------
13:03:05| Uppercase: 1
13:03:05| <built-in method upper of str object at 0x000001555036BF60>
13:03:05|  
13:03:05| --------------------------------------------------------------------------------
13:03:05| Sums: 0
13:03:05|  
13:03:05| --------------------------------------------------------------------------------
13:03:05| Names: 0
13:03:05|  
13:03:05| Number of Primes tasks: 1
13:03:05| Number of Words tasks: 2
13:03:05| Number of Uppercase tasks: 1
13:03:05| Number of Sums tasks: 0
13:03:05| Number of Names tasks: 0
13:03:05| Total time to process 5 tasks = 0.09343740
