13:47:53| --------------------------------------------------------------------------------
13:47:53| Primes: 1
13:47:53| 9638760730083 is not prime
13:47:53|  
13:47:53| --------------------------------------------------------------------------------
13:47:53| Words: 1
13:47:53| amusement Found
13:47:53|  
13:47:53| --------------------------------------------------------------------------------
13:47:53| Uppercase: 1
13:47:53| INJECT
13:47:53|  
13:47:53| --------------------------------------------------------------------------------
13:47:53| Sums: 1
13:47:53| 241386284295
13:47:53|  
13:47:53| --------------------------------------------------------------------------------
13:47:53| Names: 0
13:47:53|  
13:47:53| Number of Primes tasks: 1
13:47:53| Number of Words tasks: 1
13:47:53| Number of Uppercase tasks: 1
13:47:53| Number of Sums tasks: 1
13:47:53| Number of Names tasks: 0
13:47:53| Total time to process 5 tasks = 0.14908210
