17:46:15| --------------------------------------------------------------------------------
17:46:15| Primes: 1
17:46:15| 9638760730083 is not prime
17:46:15|  
17:46:15| --------------------------------------------------------------------------------
17:46:15| Words: 1
17:46:15| amusement Found
17:46:15|  
17:46:15| --------------------------------------------------------------------------------
17:46:15| Uppercase: 1
17:46:15| INJECT
17:46:15|  
17:46:15| --------------------------------------------------------------------------------
17:46:15| Sums: 1
17:46:15| 241386284295
17:46:15|  
17:46:15| --------------------------------------------------------------------------------
17:46:15| Names: 0
17:46:15|  
17:46:15| Number of Primes tasks: 1
17:46:15| Number of Words tasks: 1
17:46:15| Number of Uppercase tasks: 1
17:46:15| Number of Sums tasks: 1
17:46:15| Number of Names tasks: 0
17:46:15| Total time to process 5 tasks = 0.09298940
