13:51:58| --------------------------------------------------------------------------------
13:51:58| Primes: 1
13:51:58| 9638760730083 is not prime
13:51:58|  
13:51:58| --------------------------------------------------------------------------------
13:51:58| Words: 1
13:51:58| amusement Found
13:51:58|  
13:51:58| --------------------------------------------------------------------------------
13:51:58| Uppercase: 1
13:51:58| INJECT
13:51:58|  
13:51:58| --------------------------------------------------------------------------------
13:51:58| Sums: 1
13:51:58| 241386284295
13:51:58|  
13:51:58| --------------------------------------------------------------------------------
13:51:58| Names: 1
13:51:58| <Response [200]>
13:51:58|  
13:51:58| Number of Primes tasks: 1
13:51:58| Number of Words tasks: 1
13:51:58| Number of Uppercase tasks: 1
13:51:58| Number of Sums tasks: 1
13:51:58| Number of Names tasks: 1
13:51:58| Total time to process 5 tasks = 1.09545960
