12:59:18| --------------------------------------------------------------------------------
12:59:18| Primes: 0
12:59:18|  
12:59:18| --------------------------------------------------------------------------------
12:59:18| Words: 0
12:59:18|  
12:59:18| --------------------------------------------------------------------------------
12:59:18| Uppercase: 0
12:59:18|  
12:59:18| --------------------------------------------------------------------------------
12:59:18| Sums: 0
12:59:18|  
12:59:18| --------------------------------------------------------------------------------
12:59:18| Names: 0
12:59:18|  
12:59:18| Number of Primes tasks: 0
12:59:18| Number of Words tasks: 0
12:59:18| Number of Uppercase tasks: 0
12:59:18| Number of Sums tasks: 0
12:59:18| Number of Names tasks: 0
12:59:18| Total time to process 0 tasks = 0.00883670
