17:52:10| --------------------------------------------------------------------------------
17:52:10| Primes: 1
17:52:10| 9638760730083 is not prime
17:52:10|  
17:52:10| --------------------------------------------------------------------------------
17:52:10| Words: 1
17:52:10| amusement Found
17:52:10|  
17:52:10| --------------------------------------------------------------------------------
17:52:10| Uppercase: 1
17:52:10| INJECT
17:52:10|  
17:52:10| --------------------------------------------------------------------------------
17:52:10| Sums: 1
17:52:10| 241386284295
17:52:10|  
17:52:10| --------------------------------------------------------------------------------
17:52:10| Names: 0
17:52:10|  
17:52:10| Number of Primes tasks: 1
17:52:10| Number of Words tasks: 1
17:52:10| Number of Uppercase tasks: 1
17:52:10| Number of Sums tasks: 1
17:52:10| Number of Names tasks: 0
17:52:10| Total time to process 5 tasks = 1.12900250
