18:00:06| --------------------------------------------------------------------------------
18:00:06| Primes: 1
18:00:06| 9638760730083 is not prime
18:00:06|  
18:00:06| --------------------------------------------------------------------------------
18:00:06| Words: 1
18:00:06| amusement Found
18:00:06|  
18:00:06| --------------------------------------------------------------------------------
18:00:06| Uppercase: 1
18:00:06| INJECT
18:00:06|  
18:00:06| --------------------------------------------------------------------------------
18:00:06| Sums: 1
18:00:06| 241386284295
18:00:06|  
18:00:06| --------------------------------------------------------------------------------
18:00:06| Names: 0
18:00:06|  
18:00:06| Number of Primes tasks: 1
18:00:06| Number of Words tasks: 1
18:00:06| Number of Uppercase tasks: 1
18:00:06| Number of Sums tasks: 1
18:00:06| Number of Names tasks: 0
18:00:06| Total time to process 5 tasks = 1.14289930
