18:22:24| --------------------------------------------------------------------------------
18:22:24| Primes: 1
18:22:24| 2,000,000,000,000,000,000,000,000,000,000,000,011,111,111,111,111,111,111,111,111,111,111,111,111,111,111,111,111 is not prime
18:22:24|  
18:22:24| --------------------------------------------------------------------------------
18:22:24| Words: 1
18:22:24| amusement Found
18:22:24|  
18:22:24| --------------------------------------------------------------------------------
18:22:24| Uppercase: 1
18:22:24| inject ==> INJECT
18:22:24|  
18:22:24| --------------------------------------------------------------------------------
18:22:24| Sums: 1
18:22:24| sum of 424 to 694,818 = 241,385,589,477
18:22:24|  
18:22:24| --------------------------------------------------------------------------------
18:22:24| Names: 1
18:22:24| http://127.0.0.1:8790/people/2/ has name C-3PO
18:22:24|  
18:22:24| Number of Primes tasks: 1
18:22:24| Number of Words tasks: 1
18:22:24| Number of Uppercase tasks: 1
18:22:24| Number of Sums tasks: 1
18:22:24| Number of Names tasks: 1
18:22:24| Total time to process 5 tasks = 1.12120680
