13:50:41| --------------------------------------------------------------------------------
13:50:41| Primes: 1
13:50:41| 9638760730083 is not prime
13:50:41|  
13:50:41| --------------------------------------------------------------------------------
13:50:41| Words: 1
13:50:41| amusement Found
13:50:41|  
13:50:41| --------------------------------------------------------------------------------
13:50:41| Uppercase: 1
13:50:41| INJECT
13:50:41|  
13:50:41| --------------------------------------------------------------------------------
13:50:41| Sums: 1
13:50:41| 241386284295
13:50:41|  
13:50:41| --------------------------------------------------------------------------------
13:50:41| Names: 1
13:50:41| <Response [200]>
13:50:41|  
13:50:41| Number of Primes tasks: 1
13:50:41| Number of Words tasks: 1
13:50:41| Number of Uppercase tasks: 1
13:50:41| Number of Sums tasks: 1
13:50:41| Number of Names tasks: 1
13:50:41| Total time to process 5 tasks = 1.09783180
