17:59:06| --------------------------------------------------------------------------------
17:59:06| Primes: 1
17:59:06| 9638760730083 is not prime
17:59:06|  
17:59:06| --------------------------------------------------------------------------------
17:59:06| Words: 1
17:59:06| amusement Found
17:59:06|  
17:59:06| --------------------------------------------------------------------------------
17:59:06| Uppercase: 1
17:59:06| INJECT
17:59:06|  
17:59:06| --------------------------------------------------------------------------------
17:59:06| Sums: 1
17:59:06| 241386284295
17:59:06|  
17:59:06| --------------------------------------------------------------------------------
17:59:06| Names: 0
17:59:06|  
17:59:06| Number of Primes tasks: 1
17:59:06| Number of Words tasks: 1
17:59:06| Number of Uppercase tasks: 1
17:59:06| Number of Sums tasks: 1
17:59:06| Number of Names tasks: 0
17:59:06| Total time to process 5 tasks = 1.24945560
