18:23:30| --------------------------------------------------------------------------------
18:23:30| Primes: 1
18:23:30| 17 is prime
18:23:30|  
18:23:30| --------------------------------------------------------------------------------
18:23:30| Words: 1
18:23:30| amusement Found
18:23:30|  
18:23:30| --------------------------------------------------------------------------------
18:23:30| Uppercase: 1
18:23:30| inject ==> INJECT
18:23:30|  
18:23:30| --------------------------------------------------------------------------------
18:23:30| Sums: 1
18:23:30| sum of 424 to 694,818 = 241,385,589,477
18:23:30|  
18:23:30| --------------------------------------------------------------------------------
18:23:30| Names: 1
18:23:30| http://127.0.0.1:8790/people/2/ has name C-3PO
18:23:30|  
18:23:30| Number of Primes tasks: 1
18:23:30| Number of Words tasks: 1
18:23:30| Number of Uppercase tasks: 1
18:23:30| Number of Sums tasks: 1
18:23:30| Number of Names tasks: 1
18:23:30| Total time to process 5 tasks = 1.12550630
