12:23:58| --------------------------------------------------------------------------------
12:23:58| Primes: 0
12:23:58|  
12:23:58| --------------------------------------------------------------------------------
12:23:58| Words: 0
12:23:58|  
12:23:58| --------------------------------------------------------------------------------
12:23:58| Uppercase: 0
12:23:58|  
12:23:58| --------------------------------------------------------------------------------
12:23:58| Sums: 0
12:23:58|  
12:23:58| --------------------------------------------------------------------------------
12:23:58| Names: 0
12:23:58|  
12:23:58| Number of Primes tasks: 0
12:23:58| Number of Words tasks: 0
12:23:58| Number of Uppercase tasks: 0
12:23:58| Number of Sums tasks: 0
12:23:58| Number of Names tasks: 0
12:23:58| Total time to process 0 tasks = 0.00764440
