13:17:35| --------------------------------------------------------------------------------
13:17:35| Primes: 1
13:17:35| 9638760730083 is not prime
13:17:35|  
13:17:35| --------------------------------------------------------------------------------
13:17:35| Words: 1
13:17:35| amusement Found
13:17:35|  
13:17:35| --------------------------------------------------------------------------------
13:17:35| Uppercase: 1
13:17:35| INJECT
13:17:35|  
13:17:35| --------------------------------------------------------------------------------
13:17:35| Sums: 1
13:17:35| 241386284295
13:17:35|  
13:17:35| --------------------------------------------------------------------------------
13:17:35| Names: 0
13:17:35|  
13:17:35| Number of Primes tasks: 1
13:17:35| Number of Words tasks: 1
13:17:35| Number of Uppercase tasks: 1
13:17:35| Number of Sums tasks: 1
13:17:35| Number of Names tasks: 0
13:17:35| Total time to process 5 tasks = 0.08981670
