17:30:24| --------------------------------------------------------------------------------
17:30:24| Primes: 1
17:30:24| 9638760730083 is not prime
17:30:24|  
17:30:24| --------------------------------------------------------------------------------
17:30:24| Words: 1
17:30:24| amusement Found
17:30:24|  
17:30:24| --------------------------------------------------------------------------------
17:30:24| Uppercase: 1
17:30:24| INJECT
17:30:24|  
17:30:24| --------------------------------------------------------------------------------
17:30:24| Sums: 1
17:30:24| 241386284295
17:30:24|  
17:30:24| --------------------------------------------------------------------------------
17:30:24| Names: 1
17:30:24| <Response [200]>
17:30:24|  
17:30:24| Number of Primes tasks: 1
17:30:24| Number of Words tasks: 1
17:30:24| Number of Uppercase tasks: 1
17:30:24| Number of Sums tasks: 1
17:30:24| Number of Names tasks: 1
17:30:24| Total time to process 5 tasks = 1.13942510
