19:14:29| --------------------------------------------------------------------------------
19:14:29| Primes: 1
19:14:29| 9,638,760,730,083 is not prime
19:14:29|  
19:14:29| --------------------------------------------------------------------------------
19:14:29| Words: 1
19:14:29| amusement Found
19:14:29|  
19:14:29| --------------------------------------------------------------------------------
19:14:29| Uppercase: 1
19:14:29| inject ==> INJECT
19:14:29|  
19:14:29| --------------------------------------------------------------------------------
19:14:29| Sums: 1
19:14:29| sum of 424 to 694,818 = 241,385,589,477
19:14:29|  
19:14:29| --------------------------------------------------------------------------------
19:14:29| Names: 1
19:14:29| http://127.0.0.1:8790/people/2/ has name C-3PO
19:14:29|  
19:14:29| Number of Primes tasks: 1
19:14:29| Number of Words tasks: 1
19:14:29| Number of Uppercase tasks: 1
19:14:29| Number of Sums tasks: 1
19:14:29| Number of Names tasks: 1
19:14:29| Total time to process 5 tasks = 4.03152140
