13:51:27| --------------------------------------------------------------------------------
13:51:27| Primes: 1
13:51:27| 9638760730083 is not prime
13:51:27|  
13:51:27| --------------------------------------------------------------------------------
13:51:27| Words: 1
13:51:27| amusement Found
13:51:27|  
13:51:27| --------------------------------------------------------------------------------
13:51:27| Uppercase: 1
13:51:27| INJECT
13:51:27|  
13:51:27| --------------------------------------------------------------------------------
13:51:27| Sums: 1
13:51:27| 241386284295
13:51:27|  
13:51:27| --------------------------------------------------------------------------------
13:51:27| Names: 1
13:51:27| <Response [200]>
13:51:27|  
13:51:27| Number of Primes tasks: 1
13:51:27| Number of Words tasks: 1
13:51:27| Number of Uppercase tasks: 1
13:51:27| Number of Sums tasks: 1
13:51:27| Number of Names tasks: 1
13:51:27| Total time to process 5 tasks = 1.13089840
