13:03:45| --------------------------------------------------------------------------------
13:03:45| Primes: 1
13:03:45| 9638760730083 is not prime
13:03:45|  
13:03:45| --------------------------------------------------------------------------------
13:03:45| Words: 2
13:03:45| amusement Found
13:03:45| amusement
13:03:45|  
13:03:45| --------------------------------------------------------------------------------
13:03:45| Uppercase: 1
13:03:45| <built-in method upper of str object at 0x0000018A041D4750>
13:03:45|  
13:03:45| --------------------------------------------------------------------------------
13:03:45| Sums: 0
13:03:45|  
13:03:45| --------------------------------------------------------------------------------
13:03:45| Names: 0
13:03:45|  
13:03:45| Number of Primes tasks: 1
13:03:45| Number of Words tasks: 2
13:03:45| Number of Uppercase tasks: 1
13:03:45| Number of Sums tasks: 0
13:03:45| Number of Names tasks: 0
13:03:45| Total time to process 5 tasks = 0.08851880
