13:16:56| --------------------------------------------------------------------------------
13:16:56| Primes: 1
13:16:56| 9638760730083 is not prime
13:16:56|  
13:16:56| --------------------------------------------------------------------------------
13:16:56| Words: 1
13:16:56| amusement Found
13:16:56|  
13:16:56| --------------------------------------------------------------------------------
13:16:56| Uppercase: 1
13:16:56| INJECT
13:16:56|  
13:16:56| --------------------------------------------------------------------------------
13:16:56| Sums: 0
13:16:56|  
13:16:56| --------------------------------------------------------------------------------
13:16:56| Names: 0
13:16:56|  
13:16:56| Number of Primes tasks: 1
13:16:56| Number of Words tasks: 1
13:16:56| Number of Uppercase tasks: 1
13:16:56| Number of Sums tasks: 0
13:16:56| Number of Names tasks: 0
13:16:56| Total time to process 5 tasks = 0.08611970
