18:11:38| --------------------------------------------------------------------------------
18:11:38| Primes: 1
18:11:38| 9638760730083 is not prime
18:11:38|  
18:11:38| --------------------------------------------------------------------------------
18:11:38| Words: 1
18:11:38| amusement Found
18:11:38|  
18:11:38| --------------------------------------------------------------------------------
18:11:38| Uppercase: 1
18:11:38| INJECT
18:11:38|  
18:11:38| --------------------------------------------------------------------------------
18:11:38| Sums: 1
18:11:38| 241386284295
18:11:38|  
18:11:38| --------------------------------------------------------------------------------
18:11:38| Names: 1
18:11:38| has name http://127.0.0.1:8790/people/2/
18:11:38|  
18:11:38| Number of Primes tasks: 1
18:11:38| Number of Words tasks: 1
18:11:38| Number of Uppercase tasks: 1
18:11:38| Number of Sums tasks: 1
18:11:38| Number of Names tasks: 1
18:11:38| Total time to process 5 tasks = 1.13577750
