17:45:41| --------------------------------------------------------------------------------
17:45:41| Primes: 1
17:45:41| 9638760730083 is not prime
17:45:41|  
17:45:41| --------------------------------------------------------------------------------
17:45:41| Words: 1
17:45:41| amusement Found
17:45:41|  
17:45:41| --------------------------------------------------------------------------------
17:45:41| Uppercase: 1
17:45:41| INJECT
17:45:41|  
17:45:41| --------------------------------------------------------------------------------
17:45:41| Sums: 1
17:45:41| 241386284295
17:45:41|  
17:45:41| --------------------------------------------------------------------------------
17:45:41| Names: 0
17:45:41|  
17:45:41| Number of Primes tasks: 1
17:45:41| Number of Words tasks: 1
17:45:41| Number of Uppercase tasks: 1
17:45:41| Number of Sums tasks: 1
17:45:41| Number of Names tasks: 0
17:45:41| Total time to process 5 tasks = 0.08993680
