17:47:32| --------------------------------------------------------------------------------
17:47:32| Primes: 1
17:47:32| 9638760730083 is not prime
17:47:32|  
17:47:32| --------------------------------------------------------------------------------
17:47:32| Words: 1
17:47:32| amusement Found
17:47:32|  
17:47:32| --------------------------------------------------------------------------------
17:47:32| Uppercase: 1
17:47:32| INJECT
17:47:32|  
17:47:32| --------------------------------------------------------------------------------
17:47:32| Sums: 1
17:47:32| 241386284295
17:47:32|  
17:47:32| --------------------------------------------------------------------------------
17:47:32| Names: 0
17:47:32|  
17:47:32| Number of Primes tasks: 1
17:47:32| Number of Words tasks: 1
17:47:32| Number of Uppercase tasks: 1
17:47:32| Number of Sums tasks: 1
17:47:32| Number of Names tasks: 0
17:47:32| Total time to process 5 tasks = 1.13100370
