18:15:20| --------------------------------------------------------------------------------
18:15:20| Primes: 1
18:15:20| 9638760730083 is not prime
18:15:20|  
18:15:20| --------------------------------------------------------------------------------
18:15:20| Words: 1
18:15:20| amusement Found
18:15:20|  
18:15:20| --------------------------------------------------------------------------------
18:15:20| Uppercase: 1
18:15:20| INJECT
18:15:20|  
18:15:20| --------------------------------------------------------------------------------
18:15:20| Sums: 1
18:15:20| sum of 424 to 694,818:, = 241386284295
18:15:20|  
18:15:20| --------------------------------------------------------------------------------
18:15:20| Names: 1
18:15:20| http://127.0.0.1:8790/people/2/ has name C-3PO
18:15:20|  
18:15:20| Number of Primes tasks: 1
18:15:20| Number of Words tasks: 1
18:15:20| Number of Uppercase tasks: 1
18:15:20| Number of Sums tasks: 1
18:15:20| Number of Names tasks: 1
18:15:20| Total time to process 5 tasks = 1.14075330
