18:14:02| --------------------------------------------------------------------------------
18:14:02| Primes: 1
18:14:02| 9638760730083 is not prime
18:14:02|  
18:14:02| --------------------------------------------------------------------------------
18:14:02| Words: 1
18:14:02| amusement Found
18:14:02|  
18:14:02| --------------------------------------------------------------------------------
18:14:02| Uppercase: 1
18:14:02| INJECT
18:14:02|  
18:14:02| --------------------------------------------------------------------------------
18:14:02| Sums: 1
18:14:02| 424:, to 694818:, = 241386284295
18:14:02|  
18:14:02| --------------------------------------------------------------------------------
18:14:02| Names: 1
18:14:02| http://127.0.0.1:8790/people/2/ has name C-3PO
18:14:02|  
18:14:02| Number of Primes tasks: 1
18:14:02| Number of Words tasks: 1
18:14:02| Number of Uppercase tasks: 1
18:14:02| Number of Sums tasks: 1
18:14:02| Number of Names tasks: 1
18:14:02| Total time to process 5 tasks = 1.12967540
