18:56:49| --------------------------------------------------------------------------------
18:56:49| Primes: 1
18:56:49| None
18:56:49|  
18:56:49| --------------------------------------------------------------------------------
18:56:49| Words: 1
18:56:49| None
18:56:49|  
18:56:49| --------------------------------------------------------------------------------
18:56:49| Uppercase: 1
18:56:49| None
18:56:49|  
18:56:49| --------------------------------------------------------------------------------
18:56:49| Sums: 1
18:56:49| None
18:56:49|  
18:56:49| --------------------------------------------------------------------------------
18:56:49| Names: 1
18:56:49| None
18:56:49|  
18:56:49| Number of Primes tasks: 1
18:56:49| Number of Words tasks: 1
18:56:49| Number of Uppercase tasks: 1
18:56:49| Number of Sums tasks: 1
18:56:49| Number of Names tasks: 1
18:56:49| Total time to process 5 tasks = 6.28119000
