13:09:28| --------------------------------------------------------------------------------
13:09:28| Primes: 1
13:09:28| 9638760730083 is not prime
13:09:28|  
13:09:28| --------------------------------------------------------------------------------
13:09:28| Words: 2
13:09:28| amusement Found
13:09:28| amusement
13:09:28|  
13:09:28| --------------------------------------------------------------------------------
13:09:28| Uppercase: 1
13:09:28| INJECT
13:09:28|  
13:09:28| --------------------------------------------------------------------------------
13:09:28| Sums: 0
13:09:28|  
13:09:28| --------------------------------------------------------------------------------
13:09:28| Names: 0
13:09:28|  
13:09:28| Number of Primes tasks: 1
13:09:28| Number of Words tasks: 2
13:09:28| Number of Uppercase tasks: 1
13:09:28| Number of Sums tasks: 0
13:09:28| Number of Names tasks: 0
13:09:28| Total time to process 5 tasks = 0.08777350
