19:01:21| --------------------------------------------------------------------------------
19:01:21| Primes: 1
19:01:21| None
19:01:21|  
19:01:21| --------------------------------------------------------------------------------
19:01:21| Words: 1
19:01:21| None
19:01:21|  
19:01:21| --------------------------------------------------------------------------------
19:01:21| Uppercase: 1
19:01:21| None
19:01:21|  
19:01:21| --------------------------------------------------------------------------------
19:01:21| Sums: 1
19:01:21| None
19:01:21|  
19:01:21| --------------------------------------------------------------------------------
19:01:21| Names: 1
19:01:21| None
19:01:21|  
19:01:21| Number of Primes tasks: 1
19:01:21| Number of Words tasks: 1
19:01:21| Number of Uppercase tasks: 1
19:01:21| Number of Sums tasks: 1
19:01:21| Number of Names tasks: 1
19:01:21| Total time to process 5 tasks = 3.71897370
