18:21:47| --------------------------------------------------------------------------------
18:21:47| Primes: 1
18:21:47| 20 is not prime
18:21:47|  
18:21:47| --------------------------------------------------------------------------------
18:21:47| Words: 1
18:21:47| amusement Found
18:21:47|  
18:21:47| --------------------------------------------------------------------------------
18:21:47| Uppercase: 1
18:21:47| inject ==> INJECT
18:21:47|  
18:21:47| --------------------------------------------------------------------------------
18:21:47| Sums: 1
18:21:47| sum of 424 to 694,818 = 241,385,589,477
18:21:47|  
18:21:47| --------------------------------------------------------------------------------
18:21:47| Names: 1
18:21:47| http://127.0.0.1:8790/people/2/ has name C-3PO
18:21:47|  
18:21:47| Number of Primes tasks: 1
18:21:47| Number of Words tasks: 1
18:21:47| Number of Uppercase tasks: 1
18:21:47| Number of Sums tasks: 1
18:21:47| Number of Names tasks: 1
18:21:47| Total time to process 5 tasks = 1.12210280
