18:21:08| --------------------------------------------------------------------------------
18:21:08| Primes: 1
18:21:08| 9,638,760,730,083 is not prime
18:21:08|  
18:21:08| --------------------------------------------------------------------------------
18:21:08| Words: 1
18:21:08| amusement Found
18:21:08|  
18:21:08| --------------------------------------------------------------------------------
18:21:08| Uppercase: 1
18:21:08| inject ==> INJECT
18:21:08|  
18:21:08| --------------------------------------------------------------------------------
18:21:08| Sums: 1
18:21:08| sum of 424 to 694,818 = 241,385,589,477
18:21:08|  
18:21:08| --------------------------------------------------------------------------------
18:21:08| Names: 1
18:21:08| http://127.0.0.1:8790/people/2/ has name C-3PO
18:21:08|  
18:21:08| Number of Primes tasks: 1
18:21:08| Number of Words tasks: 1
18:21:08| Number of Uppercase tasks: 1
18:21:08| Number of Sums tasks: 1
18:21:08| Number of Names tasks: 1
18:21:08| Total time to process 5 tasks = 1.10176440
