17:57:14| --------------------------------------------------------------------------------
17:57:14| Primes: 1
17:57:14| 9638760730083 is not prime
17:57:14|  
17:57:14| --------------------------------------------------------------------------------
17:57:14| Words: 1
17:57:14| amusement Found
17:57:14|  
17:57:14| --------------------------------------------------------------------------------
17:57:14| Uppercase: 1
17:57:14| INJECT
17:57:14|  
17:57:14| --------------------------------------------------------------------------------
17:57:14| Sums: 1
17:57:14| 241386284295
17:57:14|  
17:57:14| --------------------------------------------------------------------------------
17:57:14| Names: 0
17:57:14|  
17:57:14| Number of Primes tasks: 1
17:57:14| Number of Words tasks: 1
17:57:14| Number of Uppercase tasks: 1
17:57:14| Number of Sums tasks: 1
17:57:14| Number of Names tasks: 0
17:57:14| Total time to process 5 tasks = 0.08808170
