18:17:09| --------------------------------------------------------------------------------
18:17:09| Primes: 1
18:17:09| 9638760730083 is not prime
18:17:09|  
18:17:09| --------------------------------------------------------------------------------
18:17:09| Words: 1
18:17:09| amusement Found
18:17:09|  
18:17:09| --------------------------------------------------------------------------------
18:17:09| Uppercase: 1
18:17:09| INJECT
18:17:09|  
18:17:09| --------------------------------------------------------------------------------
18:17:09| Sums: 1
18:17:09| sum of 677 to 1,494,917 = 1,117,388,937,077
18:17:09|  
18:17:09| --------------------------------------------------------------------------------
18:17:09| Names: 1
18:17:09| http://127.0.0.1:8790/people/2/ has name C-3PO
18:17:09|  
18:17:09| Number of Primes tasks: 1
18:17:09| Number of Words tasks: 1
18:17:09| Number of Uppercase tasks: 1
18:17:09| Number of Sums tasks: 1
18:17:09| Number of Names tasks: 1
18:17:09| Total time to process 5 tasks = 1.22215580
