13:46:20| --------------------------------------------------------------------------------
13:46:20| Primes: 1
13:46:20| 9638760730083 is not prime
13:46:20|  
13:46:20| --------------------------------------------------------------------------------
13:46:20| Words: 1
13:46:20| amusement Found
13:46:20|  
13:46:20| --------------------------------------------------------------------------------
13:46:20| Uppercase: 1
13:46:20| INJECT
13:46:20|  
13:46:20| --------------------------------------------------------------------------------
13:46:20| Sums: 1
13:46:20| 241386284295
13:46:20|  
13:46:20| --------------------------------------------------------------------------------
13:46:20| Names: 0
13:46:20|  
13:46:20| Number of Primes tasks: 1
13:46:20| Number of Words tasks: 1
13:46:20| Number of Uppercase tasks: 1
13:46:20| Number of Sums tasks: 1
13:46:20| Number of Names tasks: 0
13:46:20| Total time to process 5 tasks = 1.13326650
