13:04:49| --------------------------------------------------------------------------------
13:04:49| Primes: 1
13:04:49| 9638760730083 is not prime
13:04:49|  
13:04:49| --------------------------------------------------------------------------------
13:04:49| Words: 2
13:04:49| amusement Found
13:04:49| amusement
13:04:49|  
13:04:49| --------------------------------------------------------------------------------
13:04:49| Uppercase: 1
13:04:49| <built-in method upper of str object at 0x00000282C1BA3BA0>
13:04:49|  
13:04:49| --------------------------------------------------------------------------------
13:04:49| Sums: 0
13:04:49|  
13:04:49| --------------------------------------------------------------------------------
13:04:49| Names: 0
13:04:49|  
13:04:49| Number of Primes tasks: 1
13:04:49| Number of Words tasks: 2
13:04:49| Number of Uppercase tasks: 1
13:04:49| Number of Sums tasks: 0
13:04:49| Number of Names tasks: 0
13:04:49| Total time to process 5 tasks = 0.08693300
