18:20:41| --------------------------------------------------------------------------------
18:20:41| Primes: 1
18:20:41| 9638760730083 is not prime
18:20:41|  
18:20:41| --------------------------------------------------------------------------------
18:20:41| Words: 1
18:20:41| amusement Found
18:20:41|  
18:20:41| --------------------------------------------------------------------------------
18:20:41| Uppercase: 1
18:20:41| inject ==> INJECT
18:20:41|  
18:20:41| --------------------------------------------------------------------------------
18:20:41| Sums: 1
18:20:41| sum of 424 to 694,818 = 241,385,589,477
18:20:41|  
18:20:41| --------------------------------------------------------------------------------
18:20:41| Names: 1
18:20:41| http://127.0.0.1:8790/people/2/ has name C-3PO
18:20:41|  
18:20:41| Number of Primes tasks: 1
18:20:41| Number of Words tasks: 1
18:20:41| Number of Uppercase tasks: 1
18:20:41| Number of Sums tasks: 1
18:20:41| Number of Names tasks: 1
18:20:41| Total time to process 5 tasks = 1.10621870
