17:53:12| --------------------------------------------------------------------------------
17:53:12| Primes: 1
17:53:12| 9638760730083 is not prime
17:53:12|  
17:53:12| --------------------------------------------------------------------------------
17:53:12| Words: 1
17:53:12| amusement Found
17:53:12|  
17:53:12| --------------------------------------------------------------------------------
17:53:12| Uppercase: 1
17:53:12| INJECT
17:53:12|  
17:53:12| --------------------------------------------------------------------------------
17:53:12| Sums: 1
17:53:12| 241386284295
17:53:12|  
17:53:12| --------------------------------------------------------------------------------
17:53:12| Names: 0
17:53:12|  
17:53:12| Number of Primes tasks: 1
17:53:12| Number of Words tasks: 1
17:53:12| Number of Uppercase tasks: 1
17:53:12| Number of Sums tasks: 1
17:53:12| Number of Names tasks: 0
17:53:12| Total time to process 5 tasks = 0.08114210
