18:19:26| --------------------------------------------------------------------------------
18:19:26| Primes: 1
18:19:26| 9638760730083 is not prime
18:19:26|  
18:19:26| --------------------------------------------------------------------------------
18:19:26| Words: 1
18:19:26| amusement Found
18:19:26|  
18:19:26| --------------------------------------------------------------------------------
18:19:26| Uppercase: 1
18:19:26| inject ==> INJECT
18:19:26|  
18:19:26| --------------------------------------------------------------------------------
18:19:26| Sums: 1
18:19:26| sum of 424 to 694,818 = 241,385,589,477
18:19:26|  
18:19:26| --------------------------------------------------------------------------------
18:19:26| Names: 1
18:19:26| http://127.0.0.1:8790/people/2/ has name C-3PO
18:19:26|  
18:19:26| Number of Primes tasks: 1
18:19:26| Number of Words tasks: 1
18:19:26| Number of Uppercase tasks: 1
18:19:26| Number of Sums tasks: 1
18:19:26| Number of Names tasks: 1
18:19:26| Total time to process 5 tasks = 1.21612290
