18:11:56| --------------------------------------------------------------------------------
18:11:56| Primes: 1
18:11:56| 9638760730083 is not prime
18:11:56|  
18:11:56| --------------------------------------------------------------------------------
18:11:56| Words: 1
18:11:56| amusement Found
18:11:56|  
18:11:56| --------------------------------------------------------------------------------
18:11:56| Uppercase: 1
18:11:56| INJECT
18:11:56|  
18:11:56| --------------------------------------------------------------------------------
18:11:56| Sums: 1
18:11:56| 241386284295
18:11:56|  
18:11:56| --------------------------------------------------------------------------------
18:11:56| Names: 1
18:11:56| has name C-3PO
18:11:56|  
18:11:56| Number of Primes tasks: 1
18:11:56| Number of Words tasks: 1
18:11:56| Number of Uppercase tasks: 1
18:11:56| Number of Sums tasks: 1
18:11:56| Number of Names tasks: 1
18:11:56| Total time to process 5 tasks = 1.12835060
