19:11:17| --------------------------------------------------------------------------------
19:11:17| Primes: 1
19:11:17| 9,638,760,730,083 is not prime
19:11:17|  
19:11:17| --------------------------------------------------------------------------------
19:11:17| Words: 1
19:11:17| amusement Found
19:11:17|  
19:11:17| --------------------------------------------------------------------------------
19:11:17| Uppercase: 1
19:11:17| inject ==> INJECT
19:11:17|  
19:11:17| --------------------------------------------------------------------------------
19:11:17| Sums: 1
19:11:17| sum of 424 to 694,818 = 241,385,589,477
19:11:17|  
19:11:17| --------------------------------------------------------------------------------
19:11:17| Names: 1
19:11:17| http://127.0.0.1:8790/people/2/ has name C-3PO
19:11:17|  
19:11:17| Number of Primes tasks: 1
19:11:17| Number of Words tasks: 1
19:11:17| Number of Uppercase tasks: 1
19:11:17| Number of Sums tasks: 1
19:11:17| Number of Names tasks: 1
19:11:17| Total time to process 5 tasks = 3.88823000
