17:58:30| --------------------------------------------------------------------------------
17:58:30| Primes: 1
17:58:30| 9638760730083 is not prime
17:58:30|  
17:58:30| --------------------------------------------------------------------------------
17:58:30| Words: 1
17:58:30| amusement Found
17:58:30|  
17:58:30| --------------------------------------------------------------------------------
17:58:30| Uppercase: 1
17:58:30| INJECT
17:58:30|  
17:58:30| --------------------------------------------------------------------------------
17:58:30| Sums: 1
17:58:30| 241386284295
17:58:30|  
17:58:30| --------------------------------------------------------------------------------
17:58:30| Names: 0
17:58:30|  
17:58:30| Number of Primes tasks: 1
17:58:30| Number of Words tasks: 1
17:58:30| Number of Uppercase tasks: 1
17:58:30| Number of Sums tasks: 1
17:58:30| Number of Names tasks: 0
17:58:30| Total time to process 5 tasks = 1.30363740
