18:54:31| --------------------------------------------------------------------------------
18:54:31| Primes: 1
18:54:31| None
18:54:31|  
18:54:31| --------------------------------------------------------------------------------
18:54:31| Words: 1
18:54:31| None
18:54:31|  
18:54:31| --------------------------------------------------------------------------------
18:54:31| Uppercase: 1
18:54:31| None
18:54:31|  
18:54:31| --------------------------------------------------------------------------------
18:54:31| Sums: 1
18:54:31| None
18:54:31|  
18:54:31| --------------------------------------------------------------------------------
18:54:31| Names: 1
18:54:31| None
18:54:31|  
18:54:31| Number of Primes tasks: 1
18:54:31| Number of Words tasks: 1
18:54:31| Number of Uppercase tasks: 1
18:54:31| Number of Sums tasks: 1
18:54:31| Number of Names tasks: 1
18:54:31| Total time to process 5 tasks = 6.27376270
