19:06:58| --------------------------------------------------------------------------------
19:06:58| Primes: 1
19:06:58| 9,638,760,730,083 is not prime
19:06:58|  
19:06:58| --------------------------------------------------------------------------------
19:06:58| Words: 1
19:06:58| amusement Found
19:06:58|  
19:06:58| --------------------------------------------------------------------------------
19:06:58| Uppercase: 1
19:06:58| inject ==> INJECT
19:06:58|  
19:06:58| --------------------------------------------------------------------------------
19:06:58| Sums: 1
19:06:58| None
19:06:58|  
19:06:58| --------------------------------------------------------------------------------
19:06:58| Names: 1
19:06:58| None
19:06:58|  
19:06:58| Number of Primes tasks: 1
19:06:58| Number of Words tasks: 1
19:06:58| Number of Uppercase tasks: 1
19:06:58| Number of Sums tasks: 1
19:06:58| Number of Names tasks: 1
19:06:58| Total time to process 5 tasks = 3.96503290
