17:36:36| --------------------------------------------------------------------------------
17:36:36| Primes: 1
17:36:36| 9638760730083 is not prime
17:36:36|  
17:36:36| --------------------------------------------------------------------------------
17:36:36| Words: 1
17:36:36| amusement Found
17:36:36|  
17:36:36| --------------------------------------------------------------------------------
17:36:36| Uppercase: 1
17:36:36| INJECT
17:36:36|  
17:36:36| --------------------------------------------------------------------------------
17:36:36| Sums: 1
17:36:36| 241386284295
17:36:36|  
17:36:36| --------------------------------------------------------------------------------
17:36:36| Names: 1
17:36:36| <Response [200]>
17:36:36|  
17:36:36| Number of Primes tasks: 1
17:36:36| Number of Words tasks: 1
17:36:36| Number of Uppercase tasks: 1
17:36:36| Number of Sums tasks: 1
17:36:36| Number of Names tasks: 1
17:36:36| Total time to process 5 tasks = 1.12236110
