17:29:32| --------------------------------------------------------------------------------
17:29:32| Primes: 1
17:29:32| 9638760730083 is not prime
17:29:32|  
17:29:32| --------------------------------------------------------------------------------
17:29:32| Words: 1
17:29:32| amusement Found
17:29:32|  
17:29:32| --------------------------------------------------------------------------------
17:29:32| Uppercase: 1
17:29:32| INJECT
17:29:32|  
17:29:32| --------------------------------------------------------------------------------
17:29:32| Sums: 1
17:29:32| 241386284295
17:29:32|  
17:29:32| --------------------------------------------------------------------------------
17:29:32| Names: 1
17:29:32| <Response [200]>
17:29:32|  
17:29:32| Number of Primes tasks: 1
17:29:32| Number of Words tasks: 1
17:29:32| Number of Uppercase tasks: 1
17:29:32| Number of Sums tasks: 1
17:29:32| Number of Names tasks: 1
17:29:32| Total time to process 5 tasks = 1.12698750
