19:09:33| --------------------------------------------------------------------------------
19:09:33| Primes: 1
19:09:33| 9,638,760,730,083 is not prime
19:09:33|  
19:09:33| --------------------------------------------------------------------------------
19:09:33| Words: 1
19:09:33| amusement Found
19:09:33|  
19:09:33| --------------------------------------------------------------------------------
19:09:33| Uppercase: 1
19:09:33| inject ==> INJECT
19:09:33|  
19:09:33| --------------------------------------------------------------------------------
19:09:33| Sums: 1
19:09:33| sum of 424 to 694,818 = 241,385,589,477
19:09:33|  
19:09:33| --------------------------------------------------------------------------------
19:09:33| Names: 1
19:09:33| None
19:09:33|  
19:09:33| Number of Primes tasks: 1
19:09:33| Number of Words tasks: 1
19:09:33| Number of Uppercase tasks: 1
19:09:33| Number of Sums tasks: 1
19:09:33| Number of Names tasks: 1
19:09:33| Total time to process 5 tasks = 3.70284210
