17:20:55| --------------------------------------------------------------------------------
17:20:55| Primes: 1
17:20:55| 9638760730083 is not prime
17:20:55|  
17:20:55| --------------------------------------------------------------------------------
17:20:55| Words: 1
17:20:55| amusement Found
17:20:55|  
17:20:55| --------------------------------------------------------------------------------
17:20:55| Uppercase: 1
17:20:55| INJECT
17:20:55|  
17:20:55| --------------------------------------------------------------------------------
17:20:55| Sums: 1
17:20:55| 241386284295
17:20:55|  
17:20:55| --------------------------------------------------------------------------------
17:20:55| Names: 1
17:20:55| <Response [200]>
17:20:55|  
17:20:55| Number of Primes tasks: 1
17:20:55| Number of Words tasks: 1
17:20:55| Number of Uppercase tasks: 1
17:20:55| Number of Sums tasks: 1
17:20:55| Number of Names tasks: 1
17:20:55| Total time to process 5 tasks = 1.13013020
