19:06:08| --------------------------------------------------------------------------------
19:06:08| Primes: 1
19:06:08| 9,638,760,730,083 is not prime
19:06:08|  
19:06:08| --------------------------------------------------------------------------------
19:06:08| Words: 1
19:06:08| amusement Found
19:06:08|  
19:06:08| --------------------------------------------------------------------------------
19:06:08| Uppercase: 1
19:06:08| None
19:06:08|  
19:06:08| --------------------------------------------------------------------------------
19:06:08| Sums: 1
19:06:08| None
19:06:08|  
19:06:08| --------------------------------------------------------------------------------
19:06:08| Names: 1
19:06:08| None
19:06:08|  
19:06:08| Number of Primes tasks: 1
19:06:08| Number of Words tasks: 1
19:06:08| Number of Uppercase tasks: 1
19:06:08| Number of Sums tasks: 1
19:06:08| Number of Names tasks: 1
19:06:08| Total time to process 5 tasks = 3.85902260
