18:02:04| --------------------------------------------------------------------------------
18:02:04| Primes: 1
18:02:04| 9638760730083 is not prime
18:02:04|  
18:02:04| --------------------------------------------------------------------------------
18:02:04| Words: 1
18:02:04| amusement Found
18:02:04|  
18:02:04| --------------------------------------------------------------------------------
18:02:04| Uppercase: 1
18:02:04| INJECT
18:02:04|  
18:02:04| --------------------------------------------------------------------------------
18:02:04| Sums: 1
18:02:04| 241386284295
18:02:04|  
18:02:04| --------------------------------------------------------------------------------
18:02:04| Names: 0
18:02:04|  
18:02:04| Number of Primes tasks: 1
18:02:04| Number of Words tasks: 1
18:02:04| Number of Uppercase tasks: 1
18:02:04| Number of Sums tasks: 1
18:02:04| Number of Names tasks: 0
18:02:04| Total time to process 5 tasks = 1.12349480
