18:00:35| --------------------------------------------------------------------------------
18:00:35| Primes: 1
18:00:35| 9638760730083 is not prime
18:00:35|  
18:00:35| --------------------------------------------------------------------------------
18:00:35| Words: 1
18:00:35| amusement Found
18:00:35|  
18:00:35| --------------------------------------------------------------------------------
18:00:35| Uppercase: 1
18:00:35| INJECT
18:00:35|  
18:00:35| --------------------------------------------------------------------------------
18:00:35| Sums: 1
18:00:35| 241386284295
18:00:35|  
18:00:35| --------------------------------------------------------------------------------
18:00:35| Names: 0
18:00:35|  
18:00:35| Number of Primes tasks: 1
18:00:35| Number of Words tasks: 1
18:00:35| Number of Uppercase tasks: 1
18:00:35| Number of Sums tasks: 1
18:00:35| Number of Names tasks: 0
18:00:35| Total time to process 5 tasks = 1.28119050
