18:22:04| --------------------------------------------------------------------------------
18:22:04| Primes: 1
18:22:04| 200,000,000,000,000,000,000,000,000,000,000,001 is not prime
18:22:04|  
18:22:04| --------------------------------------------------------------------------------
18:22:04| Words: 1
18:22:04| amusement Found
18:22:04|  
18:22:04| --------------------------------------------------------------------------------
18:22:04| Uppercase: 1
18:22:04| inject ==> INJECT
18:22:04|  
18:22:04| --------------------------------------------------------------------------------
18:22:04| Sums: 1
18:22:04| sum of 424 to 694,818 = 241,385,589,477
18:22:04|  
18:22:04| --------------------------------------------------------------------------------
18:22:04| Names: 1
18:22:04| http://127.0.0.1:8790/people/2/ has name C-3PO
18:22:04|  
18:22:04| Number of Primes tasks: 1
18:22:04| Number of Words tasks: 1
18:22:04| Number of Uppercase tasks: 1
18:22:04| Number of Sums tasks: 1
18:22:04| Number of Names tasks: 1
18:22:04| Total time to process 5 tasks = 1.12402680
