19:04:33| --------------------------------------------------------------------------------
19:04:33| Primes: 1
19:04:33| 9,638,760,730,083 is not prime
19:04:33|  
19:04:33| --------------------------------------------------------------------------------
19:04:33| Words: 1
19:04:33| None
19:04:33|  
19:04:33| --------------------------------------------------------------------------------
19:04:33| Uppercase: 1
19:04:33| None
19:04:33|  
19:04:33| --------------------------------------------------------------------------------
19:04:33| Sums: 1
19:04:33| None
19:04:33|  
19:04:33| --------------------------------------------------------------------------------
19:04:33| Names: 1
19:04:33| None
19:04:33|  
19:04:33| Number of Primes tasks: 1
19:04:33| Number of Words tasks: 1
19:04:33| Number of Uppercase tasks: 1
19:04:33| Number of Sums tasks: 1
19:04:33| Number of Names tasks: 1
19:04:33| Total time to process 5 tasks = 4.03174830
