17:57:50| --------------------------------------------------------------------------------
17:57:50| Primes: 1
17:57:50| 9638760730083 is not prime
17:57:50|  
17:57:50| --------------------------------------------------------------------------------
17:57:50| Words: 1
17:57:50| amusement Found
17:57:50|  
17:57:50| --------------------------------------------------------------------------------
17:57:50| Uppercase: 1
17:57:50| INJECT
17:57:50|  
17:57:50| --------------------------------------------------------------------------------
17:57:50| Sums: 1
17:57:50| 241386284295
17:57:50|  
17:57:50| --------------------------------------------------------------------------------
17:57:50| Names: 0
17:57:50|  
17:57:50| Number of Primes tasks: 1
17:57:50| Number of Words tasks: 1
17:57:50| Number of Uppercase tasks: 1
17:57:50| Number of Sums tasks: 1
17:57:50| Number of Names tasks: 0
17:57:50| Total time to process 5 tasks = 0.08852430
