17:58:13| --------------------------------------------------------------------------------
17:58:13| Primes: 1
17:58:13| 9638760730083 is not prime
17:58:13|  
17:58:13| --------------------------------------------------------------------------------
17:58:13| Words: 1
17:58:13| amusement Found
17:58:13|  
17:58:13| --------------------------------------------------------------------------------
17:58:13| Uppercase: 1
17:58:13| INJECT
17:58:13|  
17:58:13| --------------------------------------------------------------------------------
17:58:13| Sums: 1
17:58:13| 241386284295
17:58:13|  
17:58:13| --------------------------------------------------------------------------------
17:58:13| Names: 0
17:58:13|  
17:58:13| Number of Primes tasks: 1
17:58:13| Number of Words tasks: 1
17:58:13| Number of Uppercase tasks: 1
17:58:13| Number of Sums tasks: 1
17:58:13| Number of Names tasks: 0
17:58:13| Total time to process 5 tasks = 1.15155480
