18:23:20| --------------------------------------------------------------------------------
18:23:20| Primes: 1
18:23:20| 21 is not prime
18:23:20|  
18:23:20| --------------------------------------------------------------------------------
18:23:20| Words: 1
18:23:20| amusement Found
18:23:20|  
18:23:20| --------------------------------------------------------------------------------
18:23:20| Uppercase: 1
18:23:20| inject ==> INJECT
18:23:20|  
18:23:20| --------------------------------------------------------------------------------
18:23:20| Sums: 1
18:23:20| sum of 424 to 694,818 = 241,385,589,477
18:23:20|  
18:23:20| --------------------------------------------------------------------------------
18:23:20| Names: 1
18:23:20| http://127.0.0.1:8790/people/2/ has name C-3PO
18:23:20|  
18:23:20| Number of Primes tasks: 1
18:23:20| Number of Words tasks: 1
18:23:20| Number of Uppercase tasks: 1
18:23:20| Number of Sums tasks: 1
18:23:20| Number of Names tasks: 1
18:23:20| Total time to process 5 tasks = 1.12437450
