13:46:41| --------------------------------------------------------------------------------
13:46:41| Primes: 1
13:46:41| 9638760730083 is not prime
13:46:41|  
13:46:41| --------------------------------------------------------------------------------
13:46:41| Words: 1
13:46:41| amusement Found
13:46:41|  
13:46:41| --------------------------------------------------------------------------------
13:46:41| Uppercase: 1
13:46:41| INJECT
13:46:41|  
13:46:41| --------------------------------------------------------------------------------
13:46:41| Sums: 1
13:46:41| 241386284295
13:46:41|  
13:46:41| --------------------------------------------------------------------------------
13:46:41| Names: 0
13:46:41|  
13:46:41| Number of Primes tasks: 1
13:46:41| Number of Words tasks: 1
13:46:41| Number of Uppercase tasks: 1
13:46:41| Number of Sums tasks: 1
13:46:41| Number of Names tasks: 0
13:46:41| Total time to process 5 tasks = 1.09487090
