18:17:46| --------------------------------------------------------------------------------
18:17:46| Primes: 1
18:17:46| 9638760730083 is not prime
18:17:46|  
18:17:46| --------------------------------------------------------------------------------
18:17:46| Words: 1
18:17:46| amusement Found
18:17:46|  
18:17:46| --------------------------------------------------------------------------------
18:17:46| Uppercase: 1
18:17:46| INJECT
18:17:46|  
18:17:46| --------------------------------------------------------------------------------
18:17:46| Sums: 1
18:17:46| sum of 677 to 1,494,917 = 1,117,387,442,160
18:17:46|  
18:17:46| --------------------------------------------------------------------------------
18:17:46| Names: 1
18:17:46| http://127.0.0.1:8790/people/2/ has name C-3PO
18:17:46|  
18:17:46| Number of Primes tasks: 1
18:17:46| Number of Words tasks: 1
18:17:46| Number of Uppercase tasks: 1
18:17:46| Number of Sums tasks: 1
18:17:46| Number of Names tasks: 1
18:17:46| Total time to process 5 tasks = 1.24896480
