18:15:58| --------------------------------------------------------------------------------
18:15:58| Primes: 1
18:15:58| 9638760730083 is not prime
18:15:58|  
18:15:58| --------------------------------------------------------------------------------
18:15:58| Words: 1
18:15:58| amusement Found
18:15:58|  
18:15:58| --------------------------------------------------------------------------------
18:15:58| Uppercase: 1
18:15:58| INJECT
18:15:58|  
18:15:58| --------------------------------------------------------------------------------
18:15:58| Sums: 1
18:15:58| sum of 424 to 694,818 = 241,386,284,295
18:15:58|  
18:15:58| --------------------------------------------------------------------------------
18:15:58| Names: 1
18:15:58| http://127.0.0.1:8790/people/2/ has name C-3PO
18:15:58|  
18:15:58| Number of Primes tasks: 1
18:15:58| Number of Words tasks: 1
18:15:58| Number of Uppercase tasks: 1
18:15:58| Number of Sums tasks: 1
18:15:58| Number of Names tasks: 1
18:15:58| Total time to process 5 tasks = 1.13996650
