13:47:10| --------------------------------------------------------------------------------
13:47:10| Primes: 1
13:47:10| 9638760730083 is not prime
13:47:10|  
13:47:10| --------------------------------------------------------------------------------
13:47:10| Words: 1
13:47:10| amusement Found
13:47:10|  
13:47:10| --------------------------------------------------------------------------------
13:47:10| Uppercase: 1
13:47:10| INJECT
13:47:10|  
13:47:10| --------------------------------------------------------------------------------
13:47:10| Sums: 1
13:47:10| 241386284295
13:47:10|  
13:47:10| --------------------------------------------------------------------------------
13:47:10| Names: 0
13:47:10|  
13:47:10| Number of Primes tasks: 1
13:47:10| Number of Words tasks: 1
13:47:10| Number of Uppercase tasks: 1
13:47:10| Number of Sums tasks: 1
13:47:10| Number of Names tasks: 0
13:47:10| Total time to process 5 tasks = 1.10160550
